<?xml version="1.0" encoding="UTF-8"?><testsuite errors="0" failures="2" name="Event discovery widget" skipped="0" tests="24" time="151.85" timestamp="2017-01-27 11:22:59"><testcase name="(/products-and-docs/widgets/event-discovery/) TECHNICAL TAB - Check that required fields are not empty and have default values"/><testcase name="(/products-and-docs/widgets/event-discovery/) TECHNICAL TAB - Check that embed code functionality works properly"/><testcase name="(/products-and-docs/widgets/event-discovery/) TECHNICAL TAB - Check that Country field is changed accordingly Zip Code"/><testcase name="(/products-and-docs/widgets/event-discovery/) TECHNICAL TAB - Check that KEYWORD field functionality works properly"><failure message="Poster windows does not contains STING, but has next text: SCHOOL OF ROCK BRUNCH: THE POLICE" type="java.lang.AssertionError">Poster windows does not contains STING, but has next text: SCHOOL OF ROCK BRUNCH: THE POLICE</failure><system-err>Poster windows does not contains STING, but has next text: SCHOOL OF ROCK BRUNCH: THE POLICE
bla.tm.steps.products_and_docs.PD_Widget_EventDiscoverySteps.checkThatFoundEventsContainsText(PD_Widget_EventDiscoverySteps.java:134)
bla.tm.definitions.site.widgets.EventDiscoveryWidgetDefinition.checkThatFoundEventsContainsText(EventDiscoveryWidgetDefinition.java:56)
</system-err></testcase><testcase name="(/products-and-docs/widgets/event-discovery/) TECHNICAL TAB - Check that EVENT COUNT works properly"/><testcase name="(/products-and-docs/widgets/event-discovery/) TECHNICAL TAB - Check boundary values of EVENT COUNT"/><testcase name="(/products-and-docs/widgets/event-discovery/) TECHNICAL TAB - Check boundary values of RADIUS"/><testcase name="(/products-and-docs/widgets/event-discovery/) TECHNICAL TAB - Check that RESET button works properly"/><testcase name="(/products-and-docs/widgets/event-discovery/) TECHNICAL TAB - Check links"/><testcase name="(/products-and-docs/widgets/event-discovery/) VISUAL TAB - Check Layout Resolutions"/><testcase name="(/products-and-docs/widgets/event-discovery/) VISUAL TAB - Check Layout Orientations"/><testcase name="(/products-and-docs/widgets/event-discovery/) Event message - Check event message for invalid Keyword"/></testsuite>