<?xml version="1.0" encoding="UTF-8" ?>
<testsuite tests="625" failures="6" name="bla.tm.DevSiteTestsRunner" time="1,328.579" errors="0" skipped="0">
  <properties>
[...]
</properties>
  <testcase classname="java.lang.Object" name="BeforeStories" time="0.001"/>
  <testcase classname="bla.tm.definitions.site.products_and_docs.PD_DealsAPIDefinition" name="Given open Deals API page" time="6.563"/>
  <testcase classname="bla.tm.definitions.site.products_and_docs.PD_DealsAPIDefinition" name="Then check general page elements for Deals API Page\u002C where DISQUS = true and LeftMenu = true" time="0.561"/>
  <testcase classname="Scenario: |\/products-and-docs\/apis\/deals-api\/| Verification for general page\&apos;s elements" name="Scenario: |\/products-and-docs\/apis\/deals-api\/| Verification for general page\&apos;s elements" time="0.618"/>
  <testcase classname="PD_DealsAPI.story" name="PD_DealsAPI.story" time="0.742"/>
  <testcase classname="bla.tm.definitions.site.support.Support_GeneralTermsOfUseDefinition" name="Given open General Terms Of Use page" time="3.976"/>
  <testcase classname="bla.tm.definitions.site.support.Support_GeneralTermsOfUseDefinition" name="Then check general page elements for General Terms Of Use Page\u002C where DISQUS = true and LeftMenu = true" time="0.249"/>
  <testcase classname="Scenario: |\/support\/terms-of-use\/| Verification for general page\&apos;s elements" name="Scenario: |\/support\/terms-of-use\/| Verification for general page\&apos;s elements" time="0.281"/>
  <testcase classname="Support_GeneralTermsOfUse.story" name="Support_GeneralTermsOfUse.story" time="0.283"/>
  <testcase classname="bla.tm.definitions.site.support.Support_PartnerAPITermsOfUseDefinition" name="Given open Partner API Terms Of Use page" time="5.111"/>
  <testcase classname="bla.tm.definitions.site.support.Support_PartnerAPITermsOfUseDefinition" name="Then check general page elements for Partner API Terms Of Use Page\u002C where DISQUS = true and LeftMenu = true" time="0.286"/>
  <testcase classname="Scenario: |\/support\/terms-of-use\/partner\/| Verification for general page\&apos;s elements" name="Scenario: |\/support\/terms-of-use\/partner\/| Verification for general page\&apos;s elements" time="0.312"/>
  <testcase classname="Support_PartnerAPITermsOfUse.story" name="Support_PartnerAPITermsOfUse.story" time="0.313"/>
  <testcase classname="bla.tm.definitions.site.HomePageDefinition" name="Given open Home page" time="4.417"/>
  <testcase classname="bla.tm.definitions.site.HomePageDefinition" name="When navigate to Pantheon LogIn page from Home page" time="0.989"/>
  <testcase classname="bla.tm.definitions.site.pantheon.UserLogInDefinition" name="When navigate to Pantheon Create New Account page from LogIn page" time="0.898"/>
  <testcase classname="bla.tm.definitions.site.pantheon.CreateNewAccountDefinition" name="Then check general page elements for Pantheon Create New Account page" time="20.315"/>
  <testcase classname="Scenario: |developer-acct.ticketmaster.com\/user\/register| Verification for general page\&apos;s elements" name="Scenario: |developer-acct.ticketmaster.com\/user\/register| Verification for general page\&apos;s elements" time="20.348"/>
  <testcase classname="CreateNewAccount.story" name="CreateNewAccount.story" time="20.35"/>
  <testcase classname="bla.tm.definitions.site.products_and_docs.PD_Widget_WordPressDefinition" name="Given open WordPress Widget page" time="3.388"/>
  <testcase classname="bla.tm.definitions.site.products_and_docs.PD_Widget_WordPressDefinition" name="Then check general page elements for WordPress Widget Page\u002C where DISQUS = true and LeftMenu = true" time="0.232"/>
  <testcase classname="Scenario: |\/products-and-docs\/widgets\/wordpress\/| Verification for general page\&apos;s elements" name="Scenario: |\/products-and-docs\/widgets\/wordpress\/| Verification for general page\&apos;s elements" time="0.266"/>
  <testcase classname="PD_Widget_WordPress.story" name="PD_Widget_WordPress.story" time="0.269"/>
  <testcase classname="bla.tm.definitions.site.HomePageDefinition" name="Given open Home page\u200B" time="5.712"/>
  <testcase classname="bla.tm.definitions.site.HomePageDefinition" name="Then check general page elements for Home Page\u002C where DISQUS = false and LeftMenu = false" time="20.386"/>
  <testcase classname="Scenario: |\/Home Page\/| Verification for general page elements" name="Scenario: |\/Home Page\/| Verification for general page elements" time="20.418"/>
  <testcase classname="bla.tm.definitions.site.HomePageDefinition" name="Given open Home page\u200B\u200B" time="2.167"/>
  <testcase classname="bla.tm.definitions.site.HomePageDefinition" name="Then check that Twitter\&apos;s list of events is shown" time="0.032"/>
  <testcase classname="Scenario: |\/Home Page\/| Verification for twitter\&apos;s list of events" name="Scenario: |\/Home Page\/| Verification for twitter\&apos;s list of events" time="0.071"/>
  <testcase classname="bla.tm.definitions.site.HomePageDefinition" name="Given open Home page\u200B\u200B\u200B" time="2.381"/>
  <testcase classname="bla.tm.definitions.site.HomePageDefinition" name="When check visibility and click &lt;elementKey&gt; element of Home page" time="0.735"/>
  <testcase classname="bla.tm.definitions.site.HomePageDefinition" name="Then check that new page opened from Home page has &lt;pageURL&gt; and &lt;elementLocation&gt;" time="0.194"/>
  <testcase classname="bla.tm.definitions.site.HomePageDefinition" name="Given open Home page\u200B\u200B\u200B\u200B" time="3.352"/>
  <testcase classname="bla.tm.definitions.site.HomePageDefinition" name="When check visibility and click &lt;elementKey&gt; element of Home page\u200B" time="2.983"/>
  <testcase classname="bla.tm.definitions.site.HomePageDefinition" name="Then check that new page opened from Home page has &lt;pageURL&gt; and &lt;elementLocation&gt;\u200B" time="0.039"/>
  <testcase classname="bla.tm.definitions.site.HomePageDefinition" name="Given open Home page\u200B\u200B\u200B\u200B\u200B" time="1.894"/>
  <testcase classname="bla.tm.definitions.site.HomePageDefinition" name="When check visibility and click &lt;elementKey&gt; element of Home page\u200B\u200B" time="2.166"/>
  <testcase classname="bla.tm.definitions.site.HomePageDefinition" name="Then check that new page opened from Home page has &lt;pageURL&gt; and &lt;elementLocation&gt;\u200B\u200B" time="0.084"/>
  <testcase classname="bla.tm.definitions.site.HomePageDefinition" name="Given open Home page\u200B\u200B\u200B\u200B\u200B\u200B" time="1.729"/>
  <testcase classname="bla.tm.definitions.site.HomePageDefinition" name="When check visibility and click &lt;elementKey&gt; element of Home page\u200B\u200B\u200B" time="19.807"/>
  <testcase classname="bla.tm.definitions.site.HomePageDefinition" name="Then check that new page opened from Home page has &lt;pageURL&gt; and &lt;elementLocation&gt;\u200B\u200B\u200B" time="0.032"/>
  <testcase classname="bla.tm.definitions.site.HomePageDefinition" name="Given open Home page\u200B\u200B\u200B\u200B\u200B\u200B\u200B" time="0.941"/>
  <testcase classname="bla.tm.definitions.site.HomePageDefinition" name="When check visibility and click &lt;elementKey&gt; element of Home page\u200B\u200B\u200B\u200B" time="0.265"/>
  <testcase classname="bla.tm.definitions.site.HomePageDefinition" name="Then check that new page opened from Home page has &lt;pageURL&gt; and &lt;elementLocation&gt;\u200B\u200B\u200B\u200B" time="0.026"/>
  <testcase classname="bla.tm.definitions.site.HomePageDefinition" name="Given open Home page\u200B\u200B\u200B\u200B\u200B\u200B\u200B\u200B" time="0.803"/>
  <testcase classname="bla.tm.definitions.site.HomePageDefinition" name="When check visibility and click &lt;elementKey&gt; element of Home page\u200B\u200B\u200B\u200B\u200B" time="0.23"/>
  <testcase classname="bla.tm.definitions.site.HomePageDefinition" name="Then check that new page opened from Home page has &lt;pageURL&gt; and &lt;elementLocation&gt;\u200B\u200B\u200B\u200B\u200B" time="0.033"/>
  <testcase classname="bla.tm.definitions.site.HomePageDefinition" name="Given open Home page\u200B\u200B\u200B\u200B\u200B\u200B\u200B\u200B\u200B" time="0.674"/>
  <testcase classname="bla.tm.definitions.site.HomePageDefinition" name="When check visibility and click &lt;elementKey&gt; element of Home page\u200B\u200B\u200B\u200B\u200B\u200B" time="0.541"/>
  <testcase classname="bla.tm.definitions.site.HomePageDefinition" name="Then check that new page opened from Home page has &lt;pageURL&gt; and &lt;elementLocation&gt;\u200B\u200B\u200B\u200B\u200B\u200B" time="0.024"/>
  <testcase classname="bla.tm.definitions.site.HomePageDefinition" name="Given open Home page\u200B\u200B\u200B\u200B\u200B\u200B\u200B\u200B\u200B\u200B" time="0.669"/>
  <testcase classname="bla.tm.definitions.site.HomePageDefinition" name="When check visibility and click &lt;elementKey&gt; element of Home page\u200B\u200B\u200B\u200B\u200B\u200B\u200B" time="0.343"/>
  <testcase classname="bla.tm.definitions.site.HomePageDefinition" name="Then check that new page opened from Home page has &lt;pageURL&gt; and &lt;elementLocation&gt;\u200B\u200B\u200B\u200B\u200B\u200B\u200B" time="3.021"/>
  <testcase classname="bla.tm.definitions.site.HomePageDefinition" name="Given open Home page\u200B\u200B\u200B\u200B\u200B\u200B\u200B\u200B\u200B\u200B\u200B" time="1.066"/>
  <testcase classname="bla.tm.definitions.site.HomePageDefinition" name="When check visibility and click &lt;elementKey&gt; element of Home page\u200B\u200B\u200B\u200B\u200B\u200B\u200B\u200B" time="2.066"/>
  <testcase classname="bla.tm.definitions.site.HomePageDefinition" name="Then check that new page opened from Home page has &lt;pageURL&gt; and &lt;elementLocation&gt;\u200B\u200B\u200B\u200B\u200B\u200B\u200B\u200B" time="0.036"/>
  <testcase classname="bla.tm.definitions.site.HomePageDefinition" name="Given open Home page\u200B\u200B\u200B\u200B\u200B\u200B\u200B\u200B\u200B\u200B\u200B\u200B" time="1.05"/>
  <testcase classname="bla.tm.definitions.site.HomePageDefinition" name="When check visibility and click &lt;elementKey&gt; element of Home page\u200B\u200B\u200B\u200B\u200B\u200B\u200B\u200B\u200B" time="0.319"/>
  <testcase classname="bla.tm.definitions.site.HomePageDefinition" name="Then check that new page opened from Home page has &lt;pageURL&gt; and &lt;elementLocation&gt;\u200B\u200B\u200B\u200B\u200B\u200B\u200B\u200B\u200B" time="1.379"/>
  <testcase classname="bla.tm.definitions.site.HomePageDefinition" name="Given open Home page\u200B\u200B\u200B\u200B\u200B\u200B\u200B\u200B\u200B\u200B\u200B\u200B\u200B" time="1.736"/>
  <testcase classname="bla.tm.definitions.site.HomePageDefinition" name="When check visibility and click &lt;elementKey&gt; element of Home page\u200B\u200B\u200B\u200B\u200B\u200B\u200B\u200B\u200B\u200B" time="0.815"/>
  <testcase classname="bla.tm.definitions.site.HomePageDefinition" name="Then check that new page opened from Home page has &lt;pageURL&gt; and &lt;elementLocation&gt;\u200B\u200B\u200B\u200B\u200B\u200B\u200B\u200B\u200B\u200B" time="0.893"/>
  <testcase classname="bla.tm.definitions.site.HomePageDefinition" name="Given open Home page\u200B\u200B\u200B\u200B\u200B\u200B\u200B\u200B\u200B\u200B\u200B\u200B\u200B\u200B" time="0.891"/>
  <testcase classname="bla.tm.definitions.site.HomePageDefinition" name="When check visibility and click &lt;elementKey&gt; element of Home page\u200B\u200B\u200B\u200B\u200B\u200B\u200B\u200B\u200B\u200B\u200B" time="1.73"/>
  <testcase classname="bla.tm.definitions.site.HomePageDefinition" name="Then check that new page opened from Home page has &lt;pageURL&gt; and &lt;elementLocation&gt;\u200B\u200B\u200B\u200B\u200B\u200B\u200B\u200B\u200B\u200B\u200B" time="0.156"/>
  <testcase classname="Scenario: |\/Home Page\/| Verification for all the page links" name="Scenario: |\/Home Page\/| Verification for all the page links" time="0.157"/>
  <testcase classname="Home.story" name="Home.story" time="0.159"/>
  <testcase classname="bla.tm.definitions.site.HomePageDefinition" name="Given open Home page\u200B\u200B\u200B\u200B\u200B\u200B\u200B\u200B\u200B\u200B\u200B\u200B\u200B\u200B\u200B" time="2.428"/>
  <testcase classname="bla.tm.definitions.site.HomePageDefinition" name="When navigate to Pantheon LogIn page from Home page\u200B" time="1.048"/>
  <testcase classname="bla.tm.definitions.site.pantheon.UserLogInDefinition" name="When navigate to Pantheon User Account page from LogIn page" time="4.456"/>
  <testcase classname="bla.tm.definitions.site.pantheon.UserAccountDefinition" name="When navigate to Pantheon Edit Profile page from User Account page" time="3.29"/>
  <testcase classname="bla.tm.definitions.site.pantheon.EditProfileDefinition" name="Then check general page elements for Pantheon Edit Profile page" time="20.273"/>
  <testcase classname="Scenario: |developer-acct.ticketmaster.com\/user\/1554\/edit| Verification for general page\&apos;s elements" name="Scenario: |developer-acct.ticketmaster.com\/user\/1554\/edit| Verification for general page\&apos;s elements" time="20.301"/>
  <testcase classname="EditProfile.story" name="EditProfile.story" time="20.302"/>
  <testcase classname="bla.tm.definitions.site.HomePageDefinition" name="Given open Home page\u200B\u200B\u200B\u200B\u200B\u200B\u200B\u200B\u200B\u200B\u200B\u200B\u200B\u200B\u200B\u200B" time="2.271"/>
  <testcase classname="bla.tm.definitions.site.HomePageDefinition" name="When navigate to Pantheon LogIn page from Home page\u200B\u200B" time="0.95"/>
  <testcase classname="bla.tm.definitions.site.pantheon.UserLogInDefinition" name="Then check general page elements for Pantheon User LonIn page" time="20.249"/>
  <testcase classname="Scenario: |developer-acct.ticketmaster.com\/user\/login| Verification for general page\&apos;s elements" name="Scenario: |developer-acct.ticketmaster.com\/user\/login| Verification for general page\&apos;s elements" time="20.277"/>
  <testcase classname="UserLogIn.story" name="UserLogIn.story" time="20.279"/>
  <testcase classname="bla.tm.definitions.site.products_and_docs.PD_DiscoveryAPIv1Definition" name="Given open Discovery API v1 page\u200B\u200B" time="1.605"/>
  <testcase classname="bla.tm.definitions.site.products_and_docs.PD_DiscoveryAPIv1Definition" name="Then check general page elements for Discovery API v1 Page\u002C where DISQUS = true and LeftMenu = true" time="0.339">
    <failure message="expected:&lt;[Not Found]&gt; but was:&lt;[DISCOVERY API]&gt;" type="org.junit.ComparisonFailure">org.junit.ComparisonFailure: expected:&lt;[Not Found]&gt; but was:&lt;[DISCOVERY API]&gt;
	at org.junit.Assert.assertEquals(Assert.java:115)
	at org.junit.Assert.assertEquals(Assert.java:144)
	at bla.tm.steps.products_and_docs.PD_DiscoveryAPIv1Steps.checkIfTitleIsCorrect(PD_DiscoveryAPIv1Steps.java:25)
	at bla.tm.steps.products_and_docs.PD_DiscoveryAPIv1Steps$$EnhancerByCGLIB$$9430974a.CGLIB$checkIfTitleIsCorrect$4(&lt;generated&gt;)
	at bla.tm.steps.products_and_docs.PD_DiscoveryAPIv1Steps$$EnhancerByCGLIB$$9430974a$$FastClassByCGLIB$$af2a845d.invoke(&lt;generated&gt;)
	at net.sf.cglib.proxy.MethodProxy.invokeSuper(MethodProxy.java:228)
	at net.thucydides.core.steps.StepInterceptor.invokeMethod(StepInterceptor.java:372)
	at net.thucydides.core.steps.StepInterceptor.executeTestStepMethod(StepInterceptor.java:357)
	at net.thucydides.core.steps.StepInterceptor.runTestStep(StepInterceptor.java:332)
	at net.thucydides.core.steps.StepInterceptor.testStepResult(StepInterceptor.java:134)
	at net.thucydides.core.steps.StepInterceptor.intercept(StepInterceptor.java:61)
	at bla.tm.steps.products_and_docs.PD_DiscoveryAPIv1Steps$$EnhancerByCGLIB$$9430974a.checkIfTitleIsCorrect(&lt;generated&gt;)
	at bla.tm.definitions.site.products_and_docs.PD_DiscoveryAPIv1Definition.checkGeneralPageElements(PD_DiscoveryAPIv1Definition.java:46)
	at sun.reflect.NativeMethodAccessorImpl.invoke0(Native Method)
	at sun.reflect.NativeMethodAccessorImpl.invoke(NativeMethodAccessorImpl.java:62)
	at sun.reflect.DelegatingMethodAccessorImpl.invoke(DelegatingMethodAccessorImpl.java:43)
	at java.lang.reflect.Method.invoke(Method.java:483)
	at org.jbehave.core.steps.StepCreator$ParametrisedStep.perform(StepCreator.java:599)
	at org.jbehave.core.embedder.PerformableTree$FineSoFar.run(PerformableTree.java:340)
	at org.jbehave.core.embedder.PerformableTree$PerformableSteps.perform(PerformableTree.java:1072)
	at org.jbehave.core.embedder.PerformableTree$AbstractPerformableScenario.performRestartableSteps(PerformableTree.java:938)
	at org.jbehave.core.embedder.PerformableTree$NormalPerformableScenario.perform(PerformableTree.java:977)
	at org.jbehave.core.embedder.PerformableTree$PerformableScenario.perform(PerformableTree.java:887)
	at org.jbehave.core.embedder.PerformableTree$PerformableStory.performScenarios(PerformableTree.java:811)
	at org.jbehave.core.embedder.PerformableTree$PerformableStory.perform(PerformableTree.java:784)
	at org.jbehave.core.embedder.PerformableTree.performCancellable(PerformableTree.java:416)
	at org.jbehave.core.embedder.PerformableTree.perform(PerformableTree.java:387)
	at org.jbehave.core.embedder.StoryManager$EnqueuedStory.call(StoryManager.java:291)
	at org.jbehave.core.embedder.StoryManager$EnqueuedStory.call(StoryManager.java:265)
	at java.util.concurrent.FutureTask.run(FutureTask.java:266)
	at java.util.concurrent.ThreadPoolExecutor.runWorker(ThreadPoolExecutor.java:1142)
	at java.util.concurrent.ThreadPoolExecutor$Worker.run(ThreadPoolExecutor.java:617)
	at java.lang.Thread.run(Thread.java:745)
</failure>
    <system-out>Given open Discovery API v1 page
</system-out>
  </testcase>
  <testcase classname="Scenario: |\/products-and-docs\/apis\/discovery\/v1\/| Verification for general page\&apos;s elements" name="Scenario: |\/products-and-docs\/apis\/discovery\/v1\/| Verification for general page\&apos;s elements" time="0.361">
    <failure message="scenario failed!" type="java.lang.AssertionError">java.lang.AssertionError: scenario failed!
	at de.codecentric.jbehave.junit.monitoring.JUnitScenarioReporter.afterScenario(JUnitScenarioReporter.java:218)
	at org.jbehave.core.reporters.DelegatingStoryReporter.afterScenario(DelegatingStoryReporter.java:43)
	at org.jbehave.core.reporters.ConcurrentStoryReporter.afterScenario(ConcurrentStoryReporter.java:176)
	at org.jbehave.core.embedder.PerformableTree$PerformableScenario.perform(PerformableTree.java:890)
	at org.jbehave.core.embedder.PerformableTree$PerformableStory.performScenarios(PerformableTree.java:811)
	at org.jbehave.core.embedder.PerformableTree$PerformableStory.perform(PerformableTree.java:784)
	at org.jbehave.core.embedder.PerformableTree.performCancellable(PerformableTree.java:416)
	at org.jbehave.core.embedder.PerformableTree.perform(PerformableTree.java:387)
	at org.jbehave.core.embedder.StoryManager$EnqueuedStory.call(StoryManager.java:291)
	at org.jbehave.core.embedder.StoryManager$EnqueuedStory.call(StoryManager.java:265)
	at java.util.concurrent.FutureTask.run(FutureTask.java:266)
	at java.util.concurrent.ThreadPoolExecutor.runWorker(ThreadPoolExecutor.java:1142)
	at java.util.concurrent.ThreadPoolExecutor$Worker.run(ThreadPoolExecutor.java:617)
	at java.lang.Thread.run(Thread.java:745)
</failure>
    <system-out>Then check general page elements for Discovery API v1 Page, where DISQUS = true and LeftMenu = true (FAILED)
(org.junit.ComparisonFailure: expected:&lt;[Not Found]&gt; but was:&lt;[DISCOVERY API]&gt;)
</system-out>
  </testcase>
  <testcase classname="PD_DiscoveryAPIV1.story" name="PD_DiscoveryAPIV1.story" time="0.486">
    <failure message="story failed!" type="java.lang.AssertionError">java.lang.AssertionError: story failed!
	at de.codecentric.jbehave.junit.monitoring.JUnitScenarioReporter.afterStory(JUnitScenarioReporter.java:143)
	at org.jbehave.core.reporters.DelegatingStoryReporter.afterStory(DelegatingStoryReporter.java:49)
	at org.jbehave.core.reporters.ConcurrentStoryReporter.afterStory(ConcurrentStoryReporter.java:122)
	at org.jbehave.core.embedder.PerformableTree$PerformableStory.perform(PerformableTree.java:792)
	at org.jbehave.core.embedder.PerformableTree.performCancellable(PerformableTree.java:416)
	at org.jbehave.core.embedder.PerformableTree.perform(PerformableTree.java:387)
	at org.jbehave.core.embedder.StoryManager$EnqueuedStory.call(StoryManager.java:291)
	at org.jbehave.core.embedder.StoryManager$EnqueuedStory.call(StoryManager.java:265)
	at java.util.concurrent.FutureTask.run(FutureTask.java:266)
	at java.util.concurrent.ThreadPoolExecutor.runWorker(ThreadPoolExecutor.java:1142)
	at java.util.concurrent.ThreadPoolExecutor$Worker.run(ThreadPoolExecutor.java:617)
	at java.lang.Thread.run(Thread.java:745)
</failure>
    <system-out>
org.junit.ComparisonFailure: expected:&lt;[Not Found]&gt; but was:&lt;[DISCOVERY API]&gt;
	at org.junit.Assert.assertEquals(Assert.java:115)
	at org.junit.Assert.assertEquals(Assert.java:144)
	at bla.tm.steps.products_and_docs.PD_DiscoveryAPIv1Steps.checkIfTitleIsCorrect(PD_DiscoveryAPIv1Steps.java:25)
	at bla.tm.steps.products_and_docs.PD_DiscoveryAPIv1Steps$$EnhancerByCGLIB$$9430974a.CGLIB$checkIfTitleIsCorrect$4(&lt;generated&gt;)
	at bla.tm.steps.products_and_docs.PD_DiscoveryAPIv1Steps$$EnhancerByCGLIB$$9430974a$$FastClassByCGLIB$$af2a845d.invoke(&lt;generated&gt;)
	at net.sf.cglib.proxy.MethodProxy.invokeSuper(MethodProxy.java:228)
	at net.thucydides.core.steps.StepInterceptor.invokeMethod(StepInterceptor.java:372)
	at net.thucydides.core.steps.StepInterceptor.executeTestStepMethod(StepInterceptor.java:357)
	at net.thucydides.core.steps.StepInterceptor.runTestStep(StepInterceptor.java:332)
	at net.thucydides.core.steps.StepInterceptor.testStepResult(StepInterceptor.java:134)
	at net.thucydides.core.steps.StepInterceptor.intercept(StepInterceptor.java:61)
	at bla.tm.steps.products_and_docs.PD_DiscoveryAPIv1Steps$$EnhancerByCGLIB$$9430974a.checkIfTitleIsCorrect(&lt;generated&gt;)
	at bla.tm.definitions.site.products_and_docs.PD_DiscoveryAPIv1Definition.checkGeneralPageElements(PD_DiscoveryAPIv1Definition.java:46)
	(reflection-invoke)
	at org.jbehave.core.steps.StepCreator$ParametrisedStep.perform(StepCreator.java:599)
	at org.jbehave.core.embedder.PerformableTree$FineSoFar.run(PerformableTree.java:340)
...
</system-out>
    <system-err>[pool-1-thread-1] ERROR net.serenitybdd.core.Serenity - 
           __  _____ _____ ____ _____   _____ _    ___ _     _____ ____  
  _       / / |_   _| ____/ ___|_   _| |  ___/ \  |_ _| |   | ____|  _ \ 
 (_)_____| |    | | |  _| \___ \ | |   | |_ / _ \  | || |   |  _| | | | |
  _|_____| |    | | | |___ ___) || |   |  _/ ___ \ | || |___| |___| |_| |
 (_)     | |    |_| |_____|____/ |_|   |_|/_/   \_\___|_____|_____|____/ 
          \_\                                                            

TEST FAILED: (/products-and-docs/apis/discovery/v1/) Verification for general page&apos;s elements
--------------------------------------------------------------------------
[pool-1-thread-1] ERROR net.serenitybdd.core.Serenity - TEST FAILED AT STEP Check if title is correct
[pool-1-thread-1] ERROR net.serenitybdd.core.Serenity - expected:&lt;[Not Found]&gt; but was:&lt;[DISCOVERY API]&gt;
</system-err>
  </testcase>
  <testcase classname="bla.tm.definitions.site.products_and_docs.PD_PartnerAPIDefinition" name="Given open Partner API page\u200B" time="4.119"/>
  <testcase classname="bla.tm.definitions.site.products_and_docs.PD_PartnerAPIDefinition" name="Then check general page elements for Partner API Page\u002C where DISQUS = true and LeftMenu = true" time="0.573"/>
  <testcase classname="Scenario: |\/products-and-docs\/apis\/partner\/| Verification for general page\&apos;s elements" name="Scenario: |\/products-and-docs\/apis\/partner\/| Verification for general page\&apos;s elements" time="0.601"/>
  <testcase classname="PD_PartnerAPI.story" name="PD_PartnerAPI.story" time="0.602"/>
  <testcase classname="bla.tm.definitions.site.HomePageDefinition" name="Given open Home page\u200B\u200B\u200B\u200B\u200B\u200B\u200B\u200B\u200B\u200B\u200B\u200B\u200B\u200B\u200B\u200B\u200B" time="2.256"/>
  <testcase classname="bla.tm.definitions.site.SearchDefinition" name="And insert Search Parameter &lt;searchRequest&gt; and navigate to Search page" time="0.457"/>
  <testcase classname="bla.tm.definitions.site.SearchDefinition" name="Then check general page elements for Search Page\u002C where DISQUS = false and LeftMenu = false" time="21.352"/>
  <testcase classname="Scenario: |\/search\/| Verification for general page\&apos;s elements" name="Scenario: |\/search\/| Verification for general page\&apos;s elements" time="21.352"/>
  <testcase classname="Search.story" name="Search.story" time="21.353"/>
  <testcase classname="bla.tm.definitions.site.products_and_docs.PD_WidgetsDefinition" name="Given open Widgets page" time="2.258"/>
  <testcase classname="bla.tm.definitions.site.products_and_docs.PD_WidgetsDefinition" name="Then check general page elements for Widgets Page\u002C where DISQUS = false and LeftMenu = true" time="10.202"/>
  <testcase classname="Scenario: |\/products-and-docs\/widgets\/| Verification for general page\&apos;s elements" name="Scenario: |\/products-and-docs\/widgets\/| Verification for general page\&apos;s elements" time="10.228"/>
  <testcase classname="bla.tm.definitions.site.products_and_docs.PD_WidgetsDefinition" name="Given open Widgets page\u200B" time="1.99"/>
  <testcase classname="bla.tm.definitions.site.products_and_docs.PD_WidgetsDefinition" name="When check visibility and click DirectPaymentButton element of Widgets page" time="0.749"/>
  <testcase classname="bla.tm.definitions.site.products_and_docs.PD_WidgetsDefinition" name="Then check that new page opened from Direct Payment Button has has appropriate url" time="1.019"/>
  <testcase classname="Scenario: |\/products-and-docs\/widgets\/| Verification for Direct Payment Button element" name="Scenario: |\/products-and-docs\/widgets\/| Verification for Direct Payment Button element" time="1.042"/>
  <testcase classname="bla.tm.definitions.site.products_and_docs.PD_WidgetsDefinition" name="Given open Widgets page\u200B\u200B" time="1.212"/>
  <testcase classname="bla.tm.definitions.site.products_and_docs.PD_WidgetsDefinition" name="When check visibility and click &lt;elementKey&gt; element of Widgets page" time="3.757"/>
  <testcase classname="bla.tm.definitions.site.products_and_docs.PD_WidgetsDefinition" name="Then check that new page opened from Widgets page has &lt;pageURL&gt; and &lt;pageTitle&gt;" time="0.061"/>
  <testcase classname="bla.tm.definitions.site.products_and_docs.PD_WidgetsDefinition" name="Given open Widgets page\u200B\u200B\u200B" time="2.249"/>
  <testcase classname="bla.tm.definitions.site.products_and_docs.PD_WidgetsDefinition" name="When check visibility and click &lt;elementKey&gt; element of Widgets page\u200B" time="2.891"/>
  <testcase classname="bla.tm.definitions.site.products_and_docs.PD_WidgetsDefinition" name="Then check that new page opened from Widgets page has &lt;pageURL&gt; and &lt;pageTitle&gt;\u200B" time="1.588"/>
  <testcase classname="bla.tm.definitions.site.products_and_docs.PD_WidgetsDefinition" name="Given open Widgets page\u200B\u200B\u200B\u200B" time="1.467"/>
  <testcase classname="bla.tm.definitions.site.products_and_docs.PD_WidgetsDefinition" name="When check visibility and click &lt;elementKey&gt; element of Widgets page\u200B\u200B" time="1.952"/>
  <testcase classname="bla.tm.definitions.site.products_and_docs.PD_WidgetsDefinition" name="Then check that new page opened from Widgets page has &lt;pageURL&gt; and &lt;pageTitle&gt;\u200B\u200B" time="0.229"/>
  <testcase classname="bla.tm.definitions.site.products_and_docs.PD_WidgetsDefinition" name="Given open Widgets page\u200B\u200B\u200B\u200B\u200B" time="1.1"/>
  <testcase classname="bla.tm.definitions.site.products_and_docs.PD_WidgetsDefinition" name="When check visibility and click &lt;elementKey&gt; element of Widgets page\u200B\u200B\u200B" time="1.519"/>
  <testcase classname="bla.tm.definitions.site.products_and_docs.PD_WidgetsDefinition" name="Then check that new page opened from Widgets page has &lt;pageURL&gt; and &lt;pageTitle&gt;\u200B\u200B\u200B" time="0.553"/>
  <testcase classname="bla.tm.definitions.site.products_and_docs.PD_WidgetsDefinition" name="Given open Widgets page\u200B\u200B\u200B\u200B\u200B\u200B" time="2.544"/>
  <testcase classname="bla.tm.definitions.site.products_and_docs.PD_WidgetsDefinition" name="When check visibility and click &lt;elementKey&gt; element of Widgets page\u200B\u200B\u200B\u200B" time="1.131"/>
  <testcase classname="bla.tm.definitions.site.products_and_docs.PD_WidgetsDefinition" name="Then check that new page opened from Widgets page has &lt;pageURL&gt; and &lt;pageTitle&gt;\u200B\u200B\u200B\u200B" time="0.784"/>
  <testcase classname="Scenario: |\/products-and-docs\/widgets\/| Verification for all the page\&apos;s links" name="Scenario: |\/products-and-docs\/widgets\/| Verification for all the page\&apos;s links" time="0.784"/>
  <testcase classname="PD_Widgets.story" name="PD_Widgets.story" time="0.786"/>
  <testcase classname="bla.tm.definitions.site.HomePageDefinition" name="Given open Home page\u200B\u200B\u200B\u200B\u200B\u200B\u200B\u200B\u200B\u200B\u200B\u200B\u200B\u200B\u200B\u200B\u200B\u200B" time="2.244"/>
  <testcase classname="bla.tm.definitions.site.HomePageDefinition" name="When check visibility and click &lt;elementKey&gt; element of Home page\u200B\u200B\u200B\u200B\u200B\u200B\u200B\u200B\u200B\u200B\u200B\u200B" time="0.334"/>
  <testcase classname="bla.tm.definitions.site.HomePageDefinition" name="Then check that new page opened from Home page has &lt;pageURL&gt; and &lt;pageTitle&gt;" time="0.031"/>
  <testcase classname="Scenario: |\/blogs\/| Verification for general page\&apos;s elements" name="Scenario: |\/blogs\/| Verification for general page\&apos;s elements" time="0.031"/>
  <testcase classname="OpenSource.story" name="OpenSource.story" time="0.033"/>
  <testcase classname="bla.tm.definitions.site.products_and_docs.PD_OauthAPIDefinition" name="Given open Oauth API page" time="2.482"/>
  <testcase classname="bla.tm.definitions.site.products_and_docs.PD_OauthAPIDefinition" name="Then check general page elements for Oauth API Page\u002C where DISQUS = true and LeftMenu = true" time="0.465"/>
  <testcase classname="Scenario: |\/products-and-docs\/apis\/oauth\/| Verification for general page\&apos;s elements" name="Scenario: |\/products-and-docs\/apis\/oauth\/| Verification for general page\&apos;s elements" time="0.525"/>
  <testcase classname="PD_OauthAPI.story" name="PD_OauthAPI.story" time="0.526"/>
  <testcase classname="bla.tm.definitions.site.products_and_docs.PD_Widget_EventDiscoveryDefinition" name="Given open Event Discovery Widget page\u200B\u200B" time="4.931"/>
  <testcase classname="bla.tm.definitions.site.products_and_docs.PD_Widget_EventDiscoveryDefinition" name="Then check general page elements for Event Discovery Widget Page\u002C where DISQUS = true and LeftMenu = true" time="0.617"/>
  <testcase classname="Scenario: |\/products-and-docs\/widgets\/event-discovery\/| Verification for general page\&apos;s elements" name="Scenario: |\/products-and-docs\/widgets\/event-discovery\/| Verification for general page\&apos;s elements" time="0.64"/>
  <testcase classname="PD_Widget_EventDiscovery.story" name="PD_Widget_EventDiscovery.story" time="0.642"/>
  <testcase classname="bla.tm.definitions.site.partners.Partners_CertifiedPartnersDefinition" name="Given open Certified Partners page" time="7.254"/>
  <testcase classname="bla.tm.definitions.site.partners.Partners_CertifiedPartnersDefinition" name="Then check general page elements for Certified Partners Page\u002C where DISQUS = false and LeftMenu = true" time="10.249"/>
  <testcase classname="Scenario: |\/partners\/certified-partners\/| Verification for general page\&apos;s elements" name="Scenario: |\/partners\/certified-partners\/| Verification for general page\&apos;s elements" time="10.274"/>
  <testcase classname="Partners_CertifiedPartners.story" name="Partners_CertifiedPartners.story" time="10.275"/>
  <testcase classname="bla.tm.definitions.site.EventsDefinition" name="Given open Events page" time="1.906"/>
  <testcase classname="bla.tm.definitions.site.EventsDefinition" name="Then check general page elements for Events Page\u002C where DISQUS = false and LeftMenu = true" time="10.209"/>
  <testcase classname="Scenario: |\/events\/| Verification for general page\&apos;s elements" name="Scenario: |\/events\/| Verification for general page\&apos;s elements" time="10.234"/>
  <testcase classname="Events.story" name="Events.story" time="10.235"/>
  <testcase classname="bla.tm.definitions.site.partners.PartnersDefinition" name="Given open Partners page" time="5.352"/>
  <testcase classname="bla.tm.definitions.site.partners.PartnersDefinition" name="Then check general page elements for Partners Page\u002C where DISQUS = false and LeftMenu = false" time="20.197"/>
  <testcase classname="Scenario: |\/partners\/| Verification for general page\&apos;s elements" name="Scenario: |\/partners\/| Verification for general page\&apos;s elements" time="20.229"/>
  <testcase classname="Partners.story" name="Partners.story" time="20.231"/>
  <testcase classname="bla.tm.definitions.site.products_and_docs.PD_Tutorials_EventSearchDefinition" name="Given open Tutorials EventSearch page" time="3.594"/>
  <testcase classname="bla.tm.definitions.site.products_and_docs.PD_Tutorials_EventSearchDefinition" name="Then check general page elements for Tutorials EventSearch Page\u002C where DISQUS = false and LeftMenu = true" time="10.218"/>
  <testcase classname="Scenario: |\/products-and-docs\/tutorials\/events-search\/| Verification for general page\&apos;s elements" name="Scenario: |\/products-and-docs\/tutorials\/events-search\/| Verification for general page\&apos;s elements" time="10.26"/>
  <testcase classname="bla.tm.definitions.site.products_and_docs.PD_Tutorials_EventSearchDefinition" name="Given open Tutorials EventSearch page\u200B" time="1.612"/>
  <testcase classname="bla.tm.definitions.site.products_and_docs.PD_Tutorials_EventSearchDefinition" name="When check visibility and click &lt;elementKey&gt; element of Tutorials EventSearch page" time="2.144"/>
  <testcase classname="bla.tm.definitions.site.products_and_docs.PD_Tutorials_EventSearchDefinition" name="Then check that new page opened from Tutorials EventSearch page has &lt;pageURL&gt; and &lt;pageTitle&gt;" time="0.064"/>
  <testcase classname="bla.tm.definitions.site.products_and_docs.PD_Tutorials_EventSearchDefinition" name="Given open Tutorials EventSearch page\u200B\u200B" time="0.669"/>
  <testcase classname="bla.tm.definitions.site.products_and_docs.PD_Tutorials_EventSearchDefinition" name="When check visibility and click &lt;elementKey&gt; element of Tutorials EventSearch page\u200B" time="1.587"/>
  <testcase classname="bla.tm.definitions.site.products_and_docs.PD_Tutorials_EventSearchDefinition" name="Then check that new page opened from Tutorials EventSearch page has &lt;pageURL&gt; and &lt;pageTitle&gt;\u200B" time="0.238"/>
  <testcase classname="bla.tm.definitions.site.products_and_docs.PD_Tutorials_EventSearchDefinition" name="Given open Tutorials EventSearch page\u200B\u200B\u200B" time="0.526"/>
  <testcase classname="bla.tm.definitions.site.products_and_docs.PD_Tutorials_EventSearchDefinition" name="When check visibility and click &lt;elementKey&gt; element of Tutorials EventSearch page\u200B\u200B" time="1.498"/>
  <testcase classname="bla.tm.definitions.site.products_and_docs.PD_Tutorials_EventSearchDefinition" name="Then check that new page opened from Tutorials EventSearch page has &lt;pageURL&gt; and &lt;pageTitle&gt;\u200B\u200B" time="0.6"/>
  <testcase classname="bla.tm.definitions.site.products_and_docs.PD_Tutorials_EventSearchDefinition" name="Given open Tutorials EventSearch page\u200B\u200B\u200B\u200B" time="2.061"/>
  <testcase classname="bla.tm.definitions.site.products_and_docs.PD_Tutorials_EventSearchDefinition" name="When check visibility and click &lt;elementKey&gt; element of Tutorials EventSearch page\u200B\u200B\u200B" time="1.311"/>
  <testcase classname="bla.tm.definitions.site.products_and_docs.PD_Tutorials_EventSearchDefinition" name="Then check that new page opened from Tutorials EventSearch page has &lt;pageURL&gt; and &lt;pageTitle&gt;\u200B\u200B\u200B" time="0.526"/>
  <testcase classname="bla.tm.definitions.site.products_and_docs.PD_Tutorials_EventSearchDefinition" name="Given open Tutorials EventSearch page\u200B\u200B\u200B\u200B\u200B" time="0.889"/>
  <testcase classname="bla.tm.definitions.site.products_and_docs.PD_Tutorials_EventSearchDefinition" name="When check visibility and click &lt;elementKey&gt; element of Tutorials EventSearch page\u200B\u200B\u200B\u200B" time="1.551"/>
  <testcase classname="bla.tm.definitions.site.products_and_docs.PD_Tutorials_EventSearchDefinition" name="Then check that new page opened from Tutorials EventSearch page has &lt;pageURL&gt; and &lt;pageTitle&gt;\u200B\u200B\u200B\u200B" time="0.785"/>
  <testcase classname="bla.tm.definitions.site.products_and_docs.PD_Tutorials_EventSearchDefinition" name="Given open Tutorials EventSearch page\u200B\u200B\u200B\u200B\u200B\u200B" time="0.809"/>
  <testcase classname="bla.tm.definitions.site.products_and_docs.PD_Tutorials_EventSearchDefinition" name="When check visibility and click &lt;elementKey&gt; element of Tutorials EventSearch page\u200B\u200B\u200B\u200B\u200B" time="3.509"/>
  <testcase classname="bla.tm.definitions.site.products_and_docs.PD_Tutorials_EventSearchDefinition" name="Then check that new page opened from Tutorials EventSearch page has &lt;pageURL&gt; and &lt;pageTitle&gt;\u200B\u200B\u200B\u200B\u200B" time="0.047"/>
  <testcase classname="Scenario: |\/products-and-docs\/tutorials\/events-search\/| Verification for all the page\&apos;s links" name="Scenario: |\/products-and-docs\/tutorials\/events-search\/| Verification for all the page\&apos;s links" time="0.048"/>
  <testcase classname="PD_Tutorials_EventSearch.story" name="PD_Tutorials_EventSearch.story" time="0.05"/>
  <testcase classname="bla.tm.definitions.site.products_and_docs.PD_Tutorials_EventSearch_SearchEventWithDiscoveryAPIDefinition" name="Given open Tutorials EventSearch SearchEventWithDiscoveryAPI page" time="3.629"/>
  <testcase classname="bla.tm.definitions.site.products_and_docs.PD_Tutorials_EventSearch_SearchEventWithDiscoveryAPIDefinition" name="Then check general page elements for Tutorials EventSearch SearchEventWithDiscoveryAPI Page\u002C where DISQUS = true and LeftMenu = true" time="0.546"/>
  <testcase classname="Scenario: |\/products-and-docs\/tutorials\/events-search\/search_events_with_discovery_api_html| Verification for general page\&apos;s elements" name="Scenario: |\/products-and-docs\/tutorials\/events-search\/search_events_with_discovery_api_html| Verification for general page\&apos;s elements" time="0.607"/>
  <testcase classname="PD_Tutorials_EventSearch_SearchEventWithDiscoveryAPI.story" name="PD_Tutorials_EventSearch_SearchEventWithDiscoveryAPI.story" time="0.608"/>
  <testcase classname="bla.tm.definitions.site.products_and_docs.PD_Widget_CalendarDefinition" name="Given open Calendar Widget page\u200B\u200B" time="4.445"/>
  <testcase classname="bla.tm.definitions.site.products_and_docs.PD_Widget_CalendarDefinition" name="Then check general page elements for Calendar Widget Page\u002C where DISQUS = true and LeftMenu = true" time="0.223"/>
  <testcase classname="Scenario: |\/products-and-docs\/widgets\/calendar\/| Verification for general page\&apos;s elements" name="Scenario: |\/products-and-docs\/widgets\/calendar\/| Verification for general page\&apos;s elements" time="0.316"/>
  <testcase classname="PD_Widget_Calendar.story" name="PD_Widget_Calendar.story" time="0.317"/>
  <testcase classname="bla.tm.definitions.site.partners.Partners_DistributionPartnersDefinition" name="Given open Distribution Partners page" time="4.004"/>
  <testcase classname="bla.tm.definitions.site.partners.Partners_DistributionPartnersDefinition" name="Then check general page elements for Distribution Partners Page\u002C where DISQUS = true and LeftMenu = true" time="0.332"/>
  <testcase classname="Scenario: |\/partners\/distribution-partners\/| Verification for general page\&apos;s elements" name="Scenario: |\/partners\/distribution-partners\/| Verification for general page\&apos;s elements" time="0.375"/>
  <testcase classname="Partners_DistributionPartners.story" name="Partners_DistributionPartners.story" time="0.376"/>
  <testcase classname="bla.tm.definitions.site.products_and_docs.PD_Widget_CountdownDefinition" name="Given open Countdown Widget page\u200B\u200B" time="3.223"/>
  <testcase classname="bla.tm.definitions.site.products_and_docs.PD_Widget_CountdownDefinition" name="Then check general page elements for Countdown Widget Page\u002C where DISQUS = true and LeftMenu = true" time="0.411"/>
  <testcase classname="Scenario: |\/products-and-docs\/widgets\/countdown\/| Verification for general page\&apos;s elements" name="Scenario: |\/products-and-docs\/widgets\/countdown\/| Verification for general page\&apos;s elements" time="0.453"/>
  <testcase classname="PD_Widget_Countdown.story" name="PD_Widget_Countdown.story" time="0.454"/>
  <testcase classname="bla.tm.definitions.site.products_and_docs.PD_TopPicksAPIDefinition" name="Given open Top Picks API page\u200B" time="3.069"/>
  <testcase classname="bla.tm.definitions.site.products_and_docs.PD_TopPicksAPIDefinition" name="Then check general page elements for Top Picks API Page\u002C where DISQUS = true and LeftMenu = true" time="0.523"/>
  <testcase classname="Scenario: |\/api-explorer\/| Verification for general page\&apos;s elements" name="Scenario: |\/api-explorer\/| Verification for general page\&apos;s elements" time="0.57"/>
  <testcase classname="PD_TopPicksAPI.story" name="PD_TopPicksAPI.story" time="0.571"/>
  <testcase classname="bla.tm.definitions.site.BlogsDefinition" name="Given open Blogs page" time="4.492"/>
  <testcase classname="bla.tm.definitions.site.BlogsDefinition" name="Then check general page elements for Blogs Page\u002C where DISQUS = false and LeftMenu = false" time="30.407"/>
  <testcase classname="Scenario: |\/blogs\/| Verification for general page\&apos;s elements\u200B" name="Scenario: |\/blogs\/| Verification for general page\&apos;s elements\u200B" time="30.438"/>
  <testcase classname="Blogs.story" name="Blogs.story" time="30.439"/>
  <testcase classname="bla.tm.definitions.site.products_and_docs.PD_Widget_CalendarDefinition" name="Given open Calendar Widget page\u200B\u200B\u200B" time="3.879"/>
  <testcase classname="bla.tm.definitions.site.widgets.CalendarWidgetDefinition" name="Then the required fields are not empty on the Calendar Widget page" time="0.326"/>
  <testcase classname="Scenario: |\/products-and-docs\/widgets\/calendar\/| TECHNICAL TAB - Check that required fields are not empty" name="Scenario: |\/products-and-docs\/widgets\/calendar\/| TECHNICAL TAB - Check that required fields are not empty" time="0.384"/>
  <testcase classname="bla.tm.definitions.site.products_and_docs.PD_Widget_CalendarDefinition" name="Given open Calendar Widget page\u200B\u200B\u200B\u200B" time="1.323"/>
  <testcase classname="bla.tm.definitions.site.widgets.CalendarWidgetDefinition" name="And change values for: apiKey\u002Ckeyword\u002CzipCode\u002Cradius" time="3.676"/>
  <testcase classname="bla.tm.definitions.site.widgets.CalendarWidgetDefinition" name="And store values of: apiKey\u002Ckeyword\u002CzipCode\u002Cradius" time="0.211"/>
  <testcase classname="bla.tm.definitions.site.widgets.CountdownWidgetDefinition" name="When click on \&quot;Get code\&quot; button" time="0.751"/>
  <testcase classname="bla.tm.definitions.site.widgets.CountdownWidgetDefinition" name="Then the pop-up Embedded Code is opened" time="2.843"/>
  <testcase classname="bla.tm.definitions.site.widgets.CalendarWidgetDefinition" name="And embedded html code contains stored values of: apiKey\u002Ckeyword\u002CzipCode\u002Cradius" time="0.269"/>
  <testcase classname="Scenario: |\/products-and-docs\/widgets\/calendar\/| TECHNICAL TAB - Check that embed code functionality works properly" name="Scenario: |\/products-and-docs\/widgets\/calendar\/| TECHNICAL TAB - Check that embed code functionality works properly" time="0.294"/>
  <testcase classname="bla.tm.definitions.site.products_and_docs.PD_Widget_CalendarDefinition" name="Given open Calendar Widget page\u200B\u200B\u200B\u200B\u200B" time="4.214"/>
  <testcase classname="bla.tm.definitions.site.widgets.CalendarWidgetDefinition" name="When change value of Zip Code &lt;zipCode&gt;" time="1.722"/>
  <testcase classname="bla.tm.definitions.site.widgets.CalendarWidgetDefinition" name="Then the Country field contains appropriate value &lt;countryName&gt;" time="0.069"/>
  <testcase classname="bla.tm.definitions.site.products_and_docs.PD_Widget_CalendarDefinition" name="Given open Calendar Widget page\u200B\u200B\u200B\u200B\u200B\u200B" time="2.934"/>
  <testcase classname="bla.tm.definitions.site.widgets.CalendarWidgetDefinition" name="When change value of Zip Code &lt;zipCode&gt;\u200B" time="1.784"/>
  <testcase classname="bla.tm.definitions.site.widgets.CalendarWidgetDefinition" name="Then the Country field contains appropriate value &lt;countryName&gt;\u200B" time="0.112"/>
  <testcase classname="Scenario: |\/products-and-docs\/widgets\/calendar\/| TECHNICAL TAB - Check that Country field is changed accordingly Zip Code" name="Scenario: |\/products-and-docs\/widgets\/calendar\/| TECHNICAL TAB - Check that Country field is changed accordingly Zip Code" time="0.113"/>
  <testcase classname="bla.tm.definitions.site.products_and_docs.PD_Widget_CalendarDefinition" name="Given open Calendar Widget page\u200B\u200B\u200B\u200B\u200B\u200B\u200B" time="1.865"/>
  <testcase classname="bla.tm.definitions.site.widgets.CalendarWidgetDefinition" name="And store values of: apiKey\u002Ckeyword\u002CzipCode\u002Cradius\u200B" time="0.149"/>
  <testcase classname="bla.tm.definitions.site.widgets.CalendarWidgetDefinition" name="And change values for: apiKey\u002Ckeyword\u002CzipCode\u002Cradius\u200B" time="3.304"/>
  <testcase classname="bla.tm.definitions.site.widgets.CountdownWidgetDefinition" name="When click reset button" time="1.768"/>
  <testcase classname="bla.tm.definitions.site.widgets.CalendarWidgetDefinition" name="Then values of fields: apiKey\u002Ckeyword\u002CzipCode\u002Cradius equals stored values" time="0.17"/>
  <testcase classname="Scenario: |\/products-and-docs\/widgets\/calendar\/| TECHNICAL TAB - Check RESET button functionality" name="Scenario: |\/products-and-docs\/widgets\/calendar\/| TECHNICAL TAB - Check RESET button functionality" time="0.192"/>
  <testcase classname="bla.tm.definitions.site.products_and_docs.PD_Widget_CalendarDefinition" name="Given open Calendar Widget page\u200B\u200B\u200B\u200B\u200B\u200B\u200B\u200B" time="2.601"/>
  <testcase classname="bla.tm.definitions.site.widgets.CalendarWidgetDefinition" name="And store values of: apiKey\u002Ckeyword\u002CzipCode\u002Cradius\u200B\u200B" time="0.207"/>
  <testcase classname="bla.tm.definitions.site.widgets.CalendarWidgetDefinition" name="And change values for: apiKey\u002Ckeyword\u002CzipCode\u002Cradius\u200B\u200B" time="3.193"/>
  <testcase classname="bla.tm.definitions.site.widgets.CalendarWidgetDefinition" name="When click reset button on Calendar Widget Page" time="0.605"/>
  <testcase classname="bla.tm.definitions.site.widgets.CountdownWidgetDefinition" name="And click on \&quot;Get code\&quot; button" time="0.731"/>
  <testcase classname="bla.tm.definitions.site.widgets.CountdownWidgetDefinition" name="Then the pop-up Embedded Code is opened\u200B" time="2.364"/>
  <testcase classname="bla.tm.definitions.site.widgets.CalendarWidgetDefinition" name="And embedded html code contains stored values of: apiKey\u002Ckeyword\u002CzipCode\u002Cradius\u200B" time="0.313"/>
  <testcase classname="Scenario: |\/products-and-docs\/widgets\/calendar\/| Check RESET button functionality on Embedded Code Pop-up window" name="Scenario: |\/products-and-docs\/widgets\/calendar\/| Check RESET button functionality on Embedded Code Pop-up window" time="0.337"/>
  <testcase classname="bla.tm.definitions.site.products_and_docs.PD_Widget_CalendarDefinition" name="Given open Calendar Widget page\u200B\u200B\u200B\u200B\u200B\u200B\u200B\u200B\u200B" time="1.659"/>
  <testcase classname="bla.tm.definitions.site.widgets.CountdownWidgetDefinition" name="When I click on the \&apos;Get your own\&apos; link to get api key" time="0.425"/>
  <testcase classname="bla.tm.definitions.site.widgets.CountdownWidgetDefinition" name="Then The page is opened with url https:\/\/developer-acct.ticketmaster.com" time="0.743"/>
  <testcase classname="Scenario: |\/products-and-docs\/widgets\/calendar\/| TECHNICAL TAB - Check links" name="Scenario: |\/products-and-docs\/widgets\/calendar\/| TECHNICAL TAB - Check links" time="0.877"/>
  <testcase classname="bla.tm.definitions.site.products_and_docs.PD_Widget_CalendarDefinition" name="Given open Calendar Widget page\u200B\u200B\u200B\u200B\u200B\u200B\u200B\u200B\u200B\u200B" time="2.475"/>
  <testcase classname="bla.tm.definitions.site.widgets.CountdownWidgetDefinition" name="And enter custom ApiKey invalidApiKey123" time="0.3"/>
  <testcase classname="bla.tm.definitions.site.widgets.CountdownWidgetDefinition" name="Then the event message is shown \&quot;No results were found\&quot;" time="2.717"/>
  <testcase classname="Scenario: |\/products-and-docs\/widgets\/calendar\/| Event message - Check event message for invalid API Key" name="Scenario: |\/products-and-docs\/widgets\/calendar\/| Event message - Check event message for invalid API Key" time="2.764"/>
  <testcase classname="CalendarWidget.story" name="CalendarWidget.story" time="2.765"/>
  <testcase classname="bla.tm.definitions.site.products_and_docs.PD_SeasonTicketingAPIDefinition" name="Given open Season Ticketing API page\u200B" time="4.218"/>
  <testcase classname="bla.tm.definitions.site.products_and_docs.PD_SeasonTicketingAPIDefinition" name="Then check general page elements for Season Ticketing API Page\u002C where DISQUS = true and LeftMenu = true" time="0.496"/>
  <testcase classname="Scenario: |\/api-explorer\/| Verification for general page\&apos;s elements\u200B" name="Scenario: |\/api-explorer\/| Verification for general page\&apos;s elements\u200B" time="0.538"/>
  <testcase classname="PD_SeasonTicketingAPI.story" name="PD_SeasonTicketingAPI.story" time="0.542"/>
  <testcase classname="bla.tm.definitions.site.products_and_docs.PD_ChangeLogDefinition" name="Given open ChangeLog page" time="3.527"/>
  <testcase classname="bla.tm.definitions.site.products_and_docs.PD_ChangeLogDefinition" name="Then check general page elements for ChangeLog Page\u002C where DISQUS = true and LeftMenu = true" time="0.495"/>
  <testcase classname="Scenario: |\/products-and-docs\/apis\/changelog\/| Verification for general page\&apos;s elements" name="Scenario: |\/products-and-docs\/apis\/changelog\/| Verification for general page\&apos;s elements" time="0.528"/>
  <testcase classname="PD_ChangeLog.story" name="PD_ChangeLog.story" time="0.529"/>
  <testcase classname="bla.tm.definitions.site.products_and_docs.PD_ComerceAPIDefinition" name="Given open Commerce API page\u200B" time="5.095"/>
  <testcase classname="bla.tm.definitions.site.products_and_docs.PD_ComerceAPIDefinition" name="When Commerce API menu has list of methods" time="127.877"/>
  <testcase classname="bla.tm.definitions.site.products_and_docs.PD_GettingStartedDefinition" name="And open Getting Started page" time="1.541"/>
  <testcase classname="bla.tm.definitions.site.products_and_docs.PD_GettingStartedDefinition" name="Then all the Commerce API methods are shown on Getting Started page" time="57.152"/>
  <testcase classname="Scenario: |\/products-and-docs\/apis\/getting-started\/| TKMDPA-874 Commerce API links in Available Resources table" name="Scenario: |\/products-and-docs\/apis\/getting-started\/| TKMDPA-874 Commerce API links in Available Resources table" time="57.778"/>
  <testcase classname="bla.tm.definitions.site.products_and_docs.PD_GettingStartedDefinition" name="Given open Getting Started page\u200B\u200B\u200B\u200B" time="1.719"/>
  <testcase classname="bla.tm.definitions.site.products_and_docs.PD_GettingStartedDefinition" name="Then check general page elements for Getting Started Page\u002C where DISQUS = true and LeftMenu = true" time="0.307"/>
  <testcase classname="Scenario: |\/products-and-docs\/apis\/getting-started\/| Verification for general page\&apos;s elements" name="Scenario: |\/products-and-docs\/apis\/getting-started\/| Verification for general page\&apos;s elements" time="0.342"/>
  <testcase classname="PD_GettingStarted.story" name="PD_GettingStarted.story" time="0.343"/>
  <testcase classname="bla.tm.definitions.site.partners.Partners_NexusDefinition" name="Given open Join The Nexus Program page" time="2.343"/>
  <testcase classname="bla.tm.definitions.site.partners.Partners_NexusDefinition" name="Then check general page elements for Join The Nexus Program Page\u002C where DISQUS = true and LeftMenu = true" time="0.401"/>
  <testcase classname="Scenario: |\/partners\/certified-partners\/nexus\/| Verification for general page\&apos;s elements" name="Scenario: |\/partners\/certified-partners\/nexus\/| Verification for general page\&apos;s elements" time="0.425"/>
  <testcase classname="Partners_Nexus.story" name="Partners_Nexus.story" time="0.426"/>
  <testcase classname="bla.tm.definitions.site.support.Support_ContactUsDefinition" name="Given open Contact Us page" time="2.566"/>
  <testcase classname="bla.tm.definitions.site.support.Support_ContactUsDefinition" name="Then check general page elements for Contact Us Page\u002C where DISQUS = false and LeftMenu = true" time="10.231"/>
  <testcase classname="Scenario: |\/support\/contact-us\/| Verification for general page\&apos;s elements" name="Scenario: |\/support\/contact-us\/| Verification for general page\&apos;s elements" time="10.261"/>
  <testcase classname="Support_ContactUs.story" name="Support_ContactUs.story" time="10.262"/>
  <testcase classname="bla.tm.definitions.site.products_and_docs.PD_GettingStartedDefinition" name="Given open Getting Started page\u200B\u200B\u200B\u200B\u200B" time="4.101"/>
  <testcase classname="bla.tm.definitions.site.products_and_docs.PD_GettingStartedDefinition" name="Then Summary widget is shown for Getting Started page" time="0.105"/>
  <testcase classname="Scenario: |summary widget| TKMDPA-870 Summary widget check for Getting Started page" name="Scenario: |summary widget| TKMDPA-870 Summary widget check for Getting Started page" time="0.338"/>
  <testcase classname="bla.tm.definitions.site.HomePageDefinition" name="Given open Home page\u200B\u200B\u200B\u200B\u200B\u200B\u200B\u200B\u200B\u200B\u200B\u200B\u200B\u200B\u200B\u200B\u200B\u200B\u200B" time="2.087"/>
  <testcase classname="bla.tm.definitions.site.HomePageDefinition" name="Then Summary widget is shown for Home page" time="0.033"/>
  <testcase classname="Scenario: |summary widget| TKMDPA-870 Summary widget check for Home page" name="Scenario: |summary widget| TKMDPA-870 Summary widget check for Home page" time="0.167"/>
  <testcase classname="bla.tm.definitions.site.products_and_docs.PD_APIExplorerDefinition" name="Given open API Explorer page\u200B\u200B" time="1.506"/>
  <testcase classname="bla.tm.definitions.site.products_and_docs.PD_APIExplorerDefinition" name="Then Summary widget is shown for API Explorer page" time="0.067"/>
  <testcase classname="Scenario: |summary widget| TKMDPA-870 Summary widget check for API Explorer page" name="Scenario: |summary widget| TKMDPA-870 Summary widget check for API Explorer page" time="0.276"/>
  <testcase classname="SummaryWidget.story" name="SummaryWidget.story" time="0.278"/>
  <testcase classname="bla.tm.definitions.site.products_and_docs.PD_Tutorials_EventSearch_SearchEventInSomeLocationDefinition" name="Given open Tutorials EventSearch SearchEventInSomeLocation page" time="2.632"/>
  <testcase classname="bla.tm.definitions.site.products_and_docs.PD_Tutorials_EventSearch_SearchEventInSomeLocationDefinition" name="Then check general page elements for Tutorials EventSearch SearchEventInSomeLocation Page\u002C where DISQUS = true and LeftMenu = true" time="0.479"/>
  <testcase classname="Scenario: |\/products-and-docs\/tutorials\/events-search\/search_events_in_location_html| Verification for general page\&apos;s elements" name="Scenario: |\/products-and-docs\/tutorials\/events-search\/search_events_in_location_html| Verification for general page\&apos;s elements" time="0.504"/>
  <testcase classname="PD_Tutorials_EventSearch_SearchEventInSomeLocation.story" name="PD_Tutorials_EventSearch_SearchEventInSomeLocation.story" time="0.506"/>
  <testcase classname="bla.tm.definitions.site.products_and_docs.PD_APIExplorerDefinition" name="Given open API Explorer page\u200B\u200B\u200B" time="3.023"/>
  <testcase classname="bla.tm.definitions.site.products_and_docs.PD_APIExplorerDefinition" name="Then check general page elements for API Explorer Page\u002C where DISQUS = true and LeftMenu = false" time="10.814"/>
  <testcase classname="Scenario: |\/api-explorer\/| Verification for general page\&apos;s elements\u200B\u200B" name="Scenario: |\/api-explorer\/| Verification for general page\&apos;s elements\u200B\u200B" time="10.84"/>
  <testcase classname="PD_APIExplorer.story" name="PD_APIExplorer.story" time="10.841"/>
  <testcase classname="bla.tm.definitions.site.products_and_docs.PD_ComerceAPIDefinition" name="Given open Commerce API page\u200B\u200B" time="5.144"/>
  <testcase classname="bla.tm.definitions.site.products_and_docs.PD_ComerceAPIDefinition" name="Then check general page elements for Commerce API Page\u002C where DISQUS = true and LeftMenu = true" time="0.736"/>
  <testcase classname="Scenario: |\/products-and-docs\/apis\/commerce\/| Verification for general page\&apos;s elements" name="Scenario: |\/products-and-docs\/apis\/commerce\/| Verification for general page\&apos;s elements" time="0.766"/>
  <testcase classname="PD_CommerceAPI.story" name="PD_CommerceAPI.story" time="0.766"/>
  <testcase classname="bla.tm.definitions.site.support.Support_FAQDefinition" name="Given open FAQ page" time="4.901"/>
  <testcase classname="bla.tm.definitions.site.support.Support_FAQDefinition" name="Then check general page elements for FAQ Page\u002C where DISQUS = true and LeftMenu = true" time="0.172"/>
  <testcase classname="Scenario: |\/support\/faq\/| Verification for general page\&apos;s elements" name="Scenario: |\/support\/faq\/| Verification for general page\&apos;s elements" time="0.189"/>
  <testcase classname="Support_FAQ.story" name="Support_FAQ.story" time="0.19"/>
  <testcase classname="bla.tm.definitions.site.products_and_docs.PD_SDKsDefinition" name="Given open SDKs page" time="3.239"/>
  <testcase classname="bla.tm.definitions.site.products_and_docs.PD_SDKsDefinition" name="Then check general page elements for SDKs Page\u002C where DISQUS = true and LeftMenu = true" time="0.43"/>
  <testcase classname="Scenario: |\/products-and-docs\/sdks\/| Verification for general page\&apos;s elements" name="Scenario: |\/products-and-docs\/sdks\/| Verification for general page\&apos;s elements" time="0.516"/>
  <testcase classname="bla.tm.definitions.site.products_and_docs.PD_SDKsDefinition" name="Given open SDKs page\u200B" time="1.595"/>
  <testcase classname="bla.tm.definitions.site.products_and_docs.PD_SDKsDefinition" name="When check visibility and click &lt;elementKey&gt; element of SDKs page" time="0.896"/>
  <testcase classname="bla.tm.definitions.site.products_and_docs.PD_SDKsDefinition" name="Then check that new page opened from SDKs page has &lt;pageURL&gt; and &lt;pageTitle&gt;" time="0.957"/>
  <testcase classname="bla.tm.definitions.site.products_and_docs.PD_SDKsDefinition" name="Given open SDKs page\u200B\u200B" time="1.625"/>
  <testcase classname="bla.tm.definitions.site.products_and_docs.PD_SDKsDefinition" name="When check visibility and click &lt;elementKey&gt; element of SDKs page\u200B" time="0.913"/>
  <testcase classname="bla.tm.definitions.site.products_and_docs.PD_SDKsDefinition" name="Then check that new page opened from SDKs page has &lt;pageURL&gt; and &lt;pageTitle&gt;\u200B" time="1.621"/>
  <testcase classname="bla.tm.definitions.site.products_and_docs.PD_SDKsDefinition" name="Given open SDKs page\u200B\u200B\u200B" time="1.867"/>
  <testcase classname="bla.tm.definitions.site.products_and_docs.PD_SDKsDefinition" name="When check visibility and click &lt;elementKey&gt; element of SDKs page\u200B\u200B" time="0.858"/>
  <testcase classname="bla.tm.definitions.site.products_and_docs.PD_SDKsDefinition" name="Then check that new page opened from SDKs page has &lt;pageURL&gt; and &lt;pageTitle&gt;\u200B\u200B" time="0.806"/>
  <testcase classname="Scenario: |products-and-docs\/sdks\/| Verification for all the page\&apos;s links" name="Scenario: |products-and-docs\/sdks\/| Verification for all the page\&apos;s links" time="0.807"/>
  <testcase classname="PD_SDKs.story" name="PD_SDKs.story" time="0.808"/>
  <testcase classname="bla.tm.definitions.site.partners.Partners_StartupsDevelopersDefinition" name="Given open Startups and Developers page" time="4.186"/>
  <testcase classname="bla.tm.definitions.site.partners.Partners_StartupsDevelopersDefinition" name="Then check general page elements for Startups and Developers Page\u002C where DISQUS = true and LeftMenu = true" time="0.306"/>
  <testcase classname="Scenario: |\/partners\/startups-and-developers\/| Verification for general page\&apos;s elements" name="Scenario: |\/partners\/startups-and-developers\/| Verification for general page\&apos;s elements" time="0.334"/>
  <testcase classname="Partners_StartupsDevelopers.story" name="Partners_StartupsDevelopers.story" time="0.335"/>
  <testcase classname="bla.tm.definitions.site.products_and_docs.PD_Tutorials_WidgetsDefinition" name="Given open Tutorials Widgets page" time="3.562"/>
  <testcase classname="bla.tm.definitions.site.products_and_docs.PD_Tutorials_WidgetsDefinition" name="Then check general page elements for Tutorials Widgets Page\u002C where DISQUS = false and LeftMenu = true" time="10.22"/>
  <testcase classname="Scenario: |\/products-and-docs\/tutorials\/widgets\/| Verification for general page\&apos;s elements" name="Scenario: |\/products-and-docs\/tutorials\/widgets\/| Verification for general page\&apos;s elements" time="10.259"/>
  <testcase classname="bla.tm.definitions.site.products_and_docs.PD_Tutorials_WidgetsDefinition" name="Given open Tutorials Widgets page\u200B" time="1.333"/>
  <testcase classname="bla.tm.definitions.site.products_and_docs.PD_Tutorials_WidgetsDefinition" name="When check visibility and click &lt;elementKey&gt; element of Tutorials Widgets page" time="2.031"/>
  <testcase classname="bla.tm.definitions.site.products_and_docs.PD_Tutorials_WidgetsDefinition" name="Then check that new page opened from Tutorials Widgets page has &lt;pageURL&gt; and &lt;pageTitle&gt;" time="0.206"/>
  <testcase classname="bla.tm.definitions.site.products_and_docs.PD_Tutorials_WidgetsDefinition" name="Given open Tutorials Widgets page\u200B\u200B" time="0.796"/>
  <testcase classname="bla.tm.definitions.site.products_and_docs.PD_Tutorials_WidgetsDefinition" name="When check visibility and click &lt;elementKey&gt; element of Tutorials Widgets page\u200B" time="1.454"/>
  <testcase classname="bla.tm.definitions.site.products_and_docs.PD_Tutorials_WidgetsDefinition" name="Then check that new page opened from Tutorials Widgets page has &lt;pageURL&gt; and &lt;pageTitle&gt;\u200B" time="0.12"/>
  <testcase classname="bla.tm.definitions.site.products_and_docs.PD_Tutorials_WidgetsDefinition" name="Given open Tutorials Widgets page\u200B\u200B\u200B" time="0.807"/>
  <testcase classname="bla.tm.definitions.site.products_and_docs.PD_Tutorials_WidgetsDefinition" name="When check visibility and click &lt;elementKey&gt; element of Tutorials Widgets page\u200B\u200B" time="0.972"/>
  <testcase classname="bla.tm.definitions.site.products_and_docs.PD_Tutorials_WidgetsDefinition" name="Then check that new page opened from Tutorials Widgets page has &lt;pageURL&gt; and &lt;pageTitle&gt;\u200B\u200B" time="0.559"/>
  <testcase classname="Scenario: |\/products-and-docs\/tutorials\/widgets\/| Verification for all the page\&apos;s links" name="Scenario: |\/products-and-docs\/tutorials\/widgets\/| Verification for all the page\&apos;s links" time="0.56"/>
  <testcase classname="PD_Tutorials_Widgets.story" name="PD_Tutorials_Widgets.story" time="0.562"/>
  <testcase classname="bla.tm.definitions.site.products_and_docs.PD_PublishAPIDefinition" name="Given open Publish API page\u200B" time="3.274"/>
  <testcase classname="bla.tm.definitions.site.products_and_docs.PD_PublishAPIDefinition" name="Then check general page elements for Publish API Page\u002C where DISQUS = true and LeftMenu = true" time="0.53"/>
  <testcase classname="Scenario: |\/products-and-docs\/apis\/publish\/| Verification for general page\&apos;s elements" name="Scenario: |\/products-and-docs\/apis\/publish\/| Verification for general page\&apos;s elements" time="0.556"/>
  <testcase classname="PD_PublishAPI.story" name="PD_PublishAPI.story" time="0.557"/>
  <testcase classname="bla.tm.definitions.site.support.SupportDefinition" name="Given open Support page" time="2.872"/>
  <testcase classname="bla.tm.definitions.site.support.SupportDefinition" name="Then check general page elements for Support Page\u002C where DISQUS = true and LeftMenu = true" time="0.662"/>
  <testcase classname="Scenario: |\/support\/| Verification for general page\&apos;s elements" name="Scenario: |\/support\/| Verification for general page\&apos;s elements" time="0.684"/>
  <testcase classname="Support.story" name="Support.story" time="0.684"/>
  <testcase classname="bla.tm.definitions.site.products_and_docs.PD_Tutorials_WidgetsDefinition" name="Given open Tutorials Widgets page\u200B\u200B\u200B\u200B" time="3.991"/>
  <testcase classname="bla.tm.definitions.site.products_and_docs.PD_Tutorials_WidgetsDefinition" name="And Feedback widget is not shown" time="0.587"/>
  <testcase classname="bla.tm.definitions.site.products_and_docs.PD_Tutorials_WidgetsDefinition" name="When click Feedback button of Tutorials Widgets page" time="0.094"/>
  <testcase classname="bla.tm.definitions.site.products_and_docs.PD_Tutorials_WidgetsDefinition" name="Then Feedback widget elements are shown" time="1.193"/>
  <testcase classname="Scenario: |feedback widget| Check that Feedback widget Elements are shown" name="Scenario: |feedback widget| Check that Feedback widget Elements are shown" time="1.235"/>
  <testcase classname="bla.tm.definitions.site.products_and_docs.PD_Tutorials_WidgetsDefinition" name="Given open Tutorials Widgets page\u200B\u200B\u200B\u200B\u200B" time="1.311"/>
  <testcase classname="bla.tm.definitions.site.products_and_docs.PD_Tutorials_WidgetsDefinition" name="When click Feedback button of Tutorials Widgets page\u200B" time="0.111"/>
  <testcase classname="bla.tm.definitions.site.products_and_docs.PD_Tutorials_WidgetsDefinition" name="Then click close button of Feedback widget" time="0.589"/>
  <testcase classname="bla.tm.definitions.site.products_and_docs.PD_Tutorials_WidgetsDefinition" name="And Feedback widget is not shown\u200B" time="0.52"/>
  <testcase classname="Scenario: |feedback widget| Feedback widget Close button" name="Scenario: |feedback widget| Feedback widget Close button" time="0.546"/>
  <testcase classname="bla.tm.definitions.site.products_and_docs.PD_Tutorials_WidgetsDefinition" name="Given open Tutorials Widgets page\u200B\u200B\u200B\u200B\u200B\u200B" time="1.86"/>
  <testcase classname="bla.tm.definitions.site.products_and_docs.PD_Tutorials_WidgetsDefinition" name="And click Feedback button of Tutorials Widgets page" time="0.232"/>
  <testcase classname="bla.tm.definitions.site.products_and_docs.PD_Tutorials_WidgetsDefinition" name="When all fields except Name are populated" time="0.533"/>
  <testcase classname="bla.tm.definitions.site.products_and_docs.PD_Tutorials_WidgetsDefinition" name="And click send button of Feedback widget" time="0.123"/>
  <testcase classname="bla.tm.definitions.site.products_and_docs.PD_Tutorials_WidgetsDefinition" name="Then error notification is shown for Feedback widget" time="0.058"/>
  <testcase classname="Scenario: |feedback widget| Feedback widget error notifications for NAME field" name="Scenario: |feedback widget| Feedback widget error notifications for NAME field" time="0.09"/>
  <testcase classname="bla.tm.definitions.site.products_and_docs.PD_Tutorials_WidgetsDefinition" name="Given open Tutorials Widgets page\u200B\u200B\u200B\u200B\u200B\u200B\u200B" time="2.124"/>
  <testcase classname="bla.tm.definitions.site.products_and_docs.PD_Tutorials_WidgetsDefinition" name="And click Feedback button of Tutorials Widgets page\u200B" time="0.096"/>
  <testcase classname="bla.tm.definitions.site.products_and_docs.PD_Tutorials_WidgetsDefinition" name="When all fields except Email are populated" time="0.761"/>
  <testcase classname="bla.tm.definitions.site.products_and_docs.PD_Tutorials_WidgetsDefinition" name="And click send button of Feedback widget\u200B" time="0.152"/>
  <testcase classname="bla.tm.definitions.site.products_and_docs.PD_Tutorials_WidgetsDefinition" name="Then error notification is shown for Feedback widget\u200B" time="0.08"/>
  <testcase classname="Scenario: |feedback widget| Feedback widget error notifications for Email field" name="Scenario: |feedback widget| Feedback widget error notifications for Email field" time="0.128"/>
  <testcase classname="FeedbackWidget.story" name="FeedbackWidget.story" time="0.128"/>
  <testcase classname="bla.tm.definitions.site.products_and_docs.PD_TutorialsDefinition" name="Given open Tutorials page" time="3.731"/>
  <testcase classname="bla.tm.definitions.site.products_and_docs.PD_TutorialsDefinition" name="Then check general page elements for Tutorials Page\u002C where DISQUS = false and LeftMenu = true" time="10.427"/>
  <testcase classname="Scenario: |\/products-and-docs\/tutorials\/| Verification for general page\&apos;s elements" name="Scenario: |\/products-and-docs\/tutorials\/| Verification for general page\&apos;s elements" time="10.462"/>
  <testcase classname="bla.tm.definitions.site.products_and_docs.PD_TutorialsDefinition" name="Given open Tutorials page\u200B" time="0.532"/>
  <testcase classname="bla.tm.definitions.site.products_and_docs.PD_TutorialsDefinition" name="When check visibility and click &lt;elementKey&gt; element of Tutorials page" time="3.158"/>
  <testcase classname="bla.tm.definitions.site.products_and_docs.PD_TutorialsDefinition" name="Then check that new page opened from Tutorials page has &lt;pageURL&gt; and &lt;pageTitle&gt;" time="0.225"/>
  <testcase classname="bla.tm.definitions.site.products_and_docs.PD_TutorialsDefinition" name="Given open Tutorials page\u200B\u200B" time="0.501"/>
  <testcase classname="bla.tm.definitions.site.products_and_docs.PD_TutorialsDefinition" name="When check visibility and click &lt;elementKey&gt; element of Tutorials page\u200B" time="1.844"/>
  <testcase classname="bla.tm.definitions.site.products_and_docs.PD_TutorialsDefinition" name="Then check that new page opened from Tutorials page has &lt;pageURL&gt; and &lt;pageTitle&gt;\u200B" time="0.171"/>
  <testcase classname="bla.tm.definitions.site.products_and_docs.PD_TutorialsDefinition" name="Given open Tutorials page\u200B\u200B\u200B" time="0.797"/>
  <testcase classname="bla.tm.definitions.site.products_and_docs.PD_TutorialsDefinition" name="When check visibility and click &lt;elementKey&gt; element of Tutorials page\u200B\u200B" time="1.98"/>
  <testcase classname="bla.tm.definitions.site.products_and_docs.PD_TutorialsDefinition" name="Then check that new page opened from Tutorials page has &lt;pageURL&gt; and &lt;pageTitle&gt;\u200B\u200B" time="0.064"/>
  <testcase classname="bla.tm.definitions.site.products_and_docs.PD_TutorialsDefinition" name="Given open Tutorials page\u200B\u200B\u200B\u200B" time="1.051"/>
  <testcase classname="bla.tm.definitions.site.products_and_docs.PD_TutorialsDefinition" name="When check visibility and click &lt;elementKey&gt; element of Tutorials page\u200B\u200B\u200B" time="3.888"/>
  <testcase classname="bla.tm.definitions.site.products_and_docs.PD_TutorialsDefinition" name="Then check that new page opened from Tutorials page has &lt;pageURL&gt; and &lt;pageTitle&gt;\u200B\u200B\u200B" time="0.058"/>
  <testcase classname="bla.tm.definitions.site.products_and_docs.PD_TutorialsDefinition" name="Given open Tutorials page\u200B\u200B\u200B\u200B\u200B" time="1.44"/>
  <testcase classname="bla.tm.definitions.site.products_and_docs.PD_TutorialsDefinition" name="When check visibility and click &lt;elementKey&gt; element of Tutorials page\u200B\u200B\u200B\u200B" time="3.579"/>
  <testcase classname="bla.tm.definitions.site.products_and_docs.PD_TutorialsDefinition" name="Then check that new page opened from Tutorials page has &lt;pageURL&gt; and &lt;pageTitle&gt;\u200B\u200B\u200B\u200B" time="0.044"/>
  <testcase classname="bla.tm.definitions.site.products_and_docs.PD_TutorialsDefinition" name="Given open Tutorials page\u200B\u200B\u200B\u200B\u200B\u200B" time="2.002"/>
  <testcase classname="bla.tm.definitions.site.products_and_docs.PD_TutorialsDefinition" name="When check visibility and click &lt;elementKey&gt; element of Tutorials page\u200B\u200B\u200B\u200B\u200B" time="3.333"/>
  <testcase classname="bla.tm.definitions.site.products_and_docs.PD_TutorialsDefinition" name="Then check that new page opened from Tutorials page has &lt;pageURL&gt; and &lt;pageTitle&gt;\u200B\u200B\u200B\u200B\u200B" time="0.131"/>
  <testcase classname="bla.tm.definitions.site.products_and_docs.PD_TutorialsDefinition" name="Given open Tutorials page\u200B\u200B\u200B\u200B\u200B\u200B\u200B" time="1.501"/>
  <testcase classname="bla.tm.definitions.site.products_and_docs.PD_TutorialsDefinition" name="When check visibility and click &lt;elementKey&gt; element of Tutorials page\u200B\u200B\u200B\u200B\u200B\u200B" time="2.553"/>
  <testcase classname="bla.tm.definitions.site.products_and_docs.PD_TutorialsDefinition" name="Then check that new page opened from Tutorials page has &lt;pageURL&gt; and &lt;pageTitle&gt;\u200B\u200B\u200B\u200B\u200B\u200B" time="0.363"/>
  <testcase classname="bla.tm.definitions.site.products_and_docs.PD_TutorialsDefinition" name="Given open Tutorials page\u200B\u200B\u200B\u200B\u200B\u200B\u200B\u200B" time="0.924"/>
  <testcase classname="bla.tm.definitions.site.products_and_docs.PD_TutorialsDefinition" name="When check visibility and click &lt;elementKey&gt; element of Tutorials page\u200B\u200B\u200B\u200B\u200B\u200B\u200B" time="1.467"/>
  <testcase classname="bla.tm.definitions.site.products_and_docs.PD_TutorialsDefinition" name="Then check that new page opened from Tutorials page has &lt;pageURL&gt; and &lt;pageTitle&gt;\u200B\u200B\u200B\u200B\u200B\u200B\u200B" time="0.644"/>
  <testcase classname="bla.tm.definitions.site.products_and_docs.PD_TutorialsDefinition" name="Given open Tutorials page\u200B\u200B\u200B\u200B\u200B\u200B\u200B\u200B\u200B" time="0.754"/>
  <testcase classname="bla.tm.definitions.site.products_and_docs.PD_TutorialsDefinition" name="When check visibility and click &lt;elementKey&gt; element of Tutorials page\u200B\u200B\u200B\u200B\u200B\u200B\u200B\u200B" time="2.919"/>
  <testcase classname="bla.tm.definitions.site.products_and_docs.PD_TutorialsDefinition" name="Then check that new page opened from Tutorials page has &lt;pageURL&gt; and &lt;pageTitle&gt;\u200B\u200B\u200B\u200B\u200B\u200B\u200B\u200B" time="0.354"/>
  <testcase classname="Scenario: |\/products-and-docs\/tutorials\/| Verification for all the page\&apos;s links" name="Scenario: |\/products-and-docs\/tutorials\/| Verification for all the page\&apos;s links" time="0.355"/>
  <testcase classname="PD_Tutorials.story" name="PD_Tutorials.story" time="0.357"/>
  <testcase classname="bla.tm.definitions.site.products_and_docs.PD_Widget_CountdownDefinition" name="Given open Countdown Widget page\u200B\u200B\u200B" time="2.603"/>
  <testcase classname="bla.tm.definitions.site.widgets.CountdownWidgetDefinition" name="Then the required fields are not empty on the Countdown Widget page" time="0.192"/>
  <testcase classname="Scenario: |\/products-and-docs\/widgets\/countdown\/| TECHNICAL TAB - Check that required fields are not empty" name="Scenario: |\/products-and-docs\/widgets\/countdown\/| TECHNICAL TAB - Check that required fields are not empty" time="0.242"/>
  <testcase classname="bla.tm.definitions.site.products_and_docs.PD_Widget_CountdownDefinition" name="Given open Countdown Widget page\u200B\u200B\u200B\u200B" time="1.321"/>
  <testcase classname="bla.tm.definitions.site.widgets.CountdownWidgetDefinition" name="And store ApiKey and EventId on Countdown Widget page" time="0.087"/>
  <testcase classname="bla.tm.definitions.site.widgets.CountdownWidgetDefinition" name="When click on \&quot;Get code\&quot; button\u200B" time="0.744"/>
  <testcase classname="bla.tm.definitions.site.widgets.CountdownWidgetDefinition" name="Then the pop-up Embedded Code is opened\u200B\u200B" time="2.427"/>
  <testcase classname="bla.tm.definitions.site.widgets.CountdownWidgetDefinition" name="And embedded html code contains stored ApiKey and EventId" time="0.107"/>
  <testcase classname="Scenario: |\/products-and-docs\/widgets\/countdown\/| TECHNICAL TAB - Verification of default embed code" name="Scenario: |\/products-and-docs\/widgets\/countdown\/| TECHNICAL TAB - Verification of default embed code" time="0.126"/>
  <testcase classname="bla.tm.definitions.site.products_and_docs.PD_Widget_CountdownDefinition" name="Given open Countdown Widget page\u200B\u200B\u200B\u200B\u200B" time="2.297"/>
  <testcase classname="bla.tm.definitions.site.widgets.CountdownWidgetDefinition" name="And change value for ApiKey and EventId on Countdown Widget page" time="0.435"/>
  <testcase classname="bla.tm.definitions.site.widgets.CountdownWidgetDefinition" name="And store ApiKey and EventId on Countdown Widget page\u200B" time="0.11"/>
  <testcase classname="bla.tm.definitions.site.widgets.CountdownWidgetDefinition" name="When click on \&quot;Get code\&quot; button\u200B\u200B" time="0.835"/>
  <testcase classname="bla.tm.definitions.site.widgets.CountdownWidgetDefinition" name="Then the pop-up Embedded Code is opened\u200B\u200B\u200B" time="2.334"/>
  <testcase classname="bla.tm.definitions.site.widgets.CountdownWidgetDefinition" name="And embedded html code contains stored ApiKey and EventId\u200B" time="0.126"/>
  <testcase classname="Scenario: |\/products-and-docs\/widgets\/countdown\/| TECHNICAL TAB - Check that embed code functionality works properly" name="Scenario: |\/products-and-docs\/widgets\/countdown\/| TECHNICAL TAB - Check that embed code functionality works properly" time="0.147"/>
  <testcase classname="bla.tm.definitions.site.products_and_docs.PD_Widget_CountdownDefinition" name="Given open Countdown Widget page\u200B\u200B\u200B\u200B\u200B\u200B" time="2.359"/>
[...]
  <testcase classname="bla.tm.definitions.site.products_and_docs.PD_Widget_EventDiscoveryDefinition" name="Given open Event Discovery Widget page\u200B\u200B\u200B\u200B\u200B\u200B\u200B\u200B\u200B\u200B\u200B\u200B\u200B\u200B\u200B\u200B\u200B" time="1.884"/>
  <testcase classname="bla.tm.definitions.site.widgets.EventDiscoveryWidgetDefinition" name="And change value of ZipCode 90015 on Event Discovery Widget Page\u200B\u200B" time="0.856"/>
  <testcase classname="bla.tm.definitions.site.widgets.EventDiscoveryWidgetDefinition" name="When set Radius &lt;setValue&gt; on Event Discovery Widget page\u200B\u200B" time="0.288"/>
  <testcase classname="bla.tm.definitions.site.widgets.EventDiscoveryWidgetDefinition" name="Then Radius value is &lt;actualValue&gt; on Event Discovery Widget page\u200B\u200B" time="0.067"/>
  <testcase classname="bla.tm.definitions.site.products_and_docs.PD_Widget_EventDiscoveryDefinition" name="Given open Event Discovery Widget page\u200B\u200B\u200B\u200B\u200B\u200B\u200B\u200B\u200B\u200B\u200B\u200B\u200B\u200B\u200B\u200B\u200B\u200B" time="1.849"/>
  <testcase classname="bla.tm.definitions.site.widgets.EventDiscoveryWidgetDefinition" name="And change value of ZipCode 90015 on Event Discovery Widget Page\u200B\u200B\u200B" time="1.365"/>
  <testcase classname="bla.tm.definitions.site.widgets.EventDiscoveryWidgetDefinition" name="When set Radius &lt;setValue&gt; on Event Discovery Widget page\u200B\u200B\u200B" time="0.181"/>
  <testcase classname="bla.tm.definitions.site.widgets.EventDiscoveryWidgetDefinition" name="Then Radius value is &lt;actualValue&gt; on Event Discovery Widget page\u200B\u200B\u200B" time="0.077"/>
  <testcase classname="Scenario: |\/products-and-docs\/widgets\/event-discovery\/| TECHNICAL TAB - Check boundary values of RADIUS" name="Scenario: |\/products-and-docs\/widgets\/event-discovery\/| TECHNICAL TAB - Check boundary values of RADIUS" time="0.077"/>
  <testcase classname="bla.tm.definitions.site.products_and_docs.PD_Widget_EventDiscoveryDefinition" name="Given open Event Discovery Widget page\u200B\u200B\u200B\u200B\u200B\u200B\u200B\u200B\u200B\u200B\u200B\u200B\u200B\u200B\u200B\u200B\u200B\u200B\u200B" time="1.879"/>
  <testcase classname="bla.tm.definitions.site.widgets.EventDiscoveryWidgetDefinition" name="And store all fields values on the Event Discovery Widget page\u200B" time="0.745"/>
  <testcase classname="bla.tm.definitions.site.widgets.EventDiscoveryWidgetDefinition" name="And change values for all possible fields on the Event Discovery Widget page\u200B" time="7.45"/>
  <testcase classname="bla.tm.definitions.site.widgets.CountdownWidgetDefinition" name="When click reset button\u200B" time="1.795"/>
  <testcase classname="bla.tm.definitions.site.widgets.EventDiscoveryWidgetDefinition" name="Then all fields have been reseted to defaults on the Event Discovery Widget page" time="0.574"/>
  <testcase classname="Scenario: |\/products-and-docs\/widgets\/event-discovery\/| TECHNICAL TAB - Check that RESET button works properly" name="Scenario: |\/products-and-docs\/widgets\/event-discovery\/| TECHNICAL TAB - Check that RESET button works properly" time="0.595"/>
  <testcase classname="bla.tm.definitions.site.products_and_docs.PD_Widget_EventDiscoveryDefinition" name="Given open Event Discovery Widget page\u200B\u200B\u200B\u200B\u200B\u200B\u200B\u200B\u200B\u200B\u200B\u200B\u200B\u200B\u200B\u200B\u200B\u200B\u200B\u200B" time="1.756"/>
  <testcase classname="bla.tm.definitions.site.widgets.CountdownWidgetDefinition" name="When I click on the \&apos;Get your own\&apos; link to get api key\u200B\u200B" time="0.355"/>
  <testcase classname="bla.tm.definitions.site.widgets.CountdownWidgetDefinition" name="Then The page is opened with url https:\/\/developer-acct.ticketmaster.com\u200B\u200B" time="0.865"/>
  <testcase classname="Scenario: |\/products-and-docs\/widgets\/event-discovery\/| TECHNICAL TAB - Check links" name="Scenario: |\/products-and-docs\/widgets\/event-discovery\/| TECHNICAL TAB - Check links" time="0.889"/>
  <testcase classname="bla.tm.definitions.site.products_and_docs.PD_Widget_EventDiscoveryDefinition" name="Given open Event Discovery Widget page\u200B\u200B\u200B\u200B\u200B\u200B\u200B\u200B\u200B\u200B\u200B\u200B\u200B\u200B\u200B\u200B\u200B\u200B\u200B\u200B\u200B" time="1.937"/>
  <testcase classname="bla.tm.definitions.site.widgets.CountdownWidgetDefinition" name="And switch to VISUAL Tab\u200B\u200B\u200B\u200B\u200B\u200B" time="1.049"/>
  <testcase classname="bla.tm.definitions.site.widgets.CountdownWidgetDefinition" name="And set theme to poster\u200B\u200B\u200B\u200B\u200B" time="0.478"/>
  <testcase classname="bla.tm.definitions.site.widgets.CountdownWidgetDefinition" name="And set layout resolution to &lt;layoutResolution&gt;\u200B\u200B\u200B" time="0.703"/>
  <testcase classname="bla.tm.definitions.site.widgets.CountdownWidgetDefinition" name="When click on \&quot;Get code\&quot; button\u200B\u200B\u200B\u200B\u200B\u200B\u200B\u200B\u200B\u200B" time="0.83"/>
  <testcase classname="bla.tm.definitions.site.widgets.CountdownWidgetDefinition" name="Then the pop-up Embedded Code is opened\u200B\u200B\u200B\u200B\u200B\u200B\u200B\u200B\u200B\u200B\u200B\u200B" time="2.4"/>
  <testcase classname="bla.tm.definitions.site.widgets.CountdownWidgetDefinition" name="And embedded html code contains stored layout resolution\u200B\u200B\u200B" time="0.197"/>
  <testcase classname="bla.tm.definitions.site.products_and_docs.PD_Widget_EventDiscoveryDefinition" name="Given open Event Discovery Widget page\u200B\u200B\u200B\u200B\u200B\u200B\u200B\u200B\u200B\u200B\u200B\u200B\u200B\u200B\u200B\u200B\u200B\u200B\u200B\u200B\u200B\u200B" time="2.077"/>
  <testcase classname="bla.tm.definitions.site.widgets.CountdownWidgetDefinition" name="And switch to VISUAL Tab\u200B\u200B\u200B\u200B\u200B\u200B\u200B" time="1.045"/>
  <testcase classname="bla.tm.definitions.site.widgets.CountdownWidgetDefinition" name="And set theme to poster\u200B\u200B\u200B\u200B\u200B\u200B" time="0.385"/>
  <testcase classname="bla.tm.definitions.site.widgets.CountdownWidgetDefinition" name="And set layout resolution to &lt;layoutResolution&gt;\u200B\u200B\u200B\u200B" time="0.689"/>
  <testcase classname="bla.tm.definitions.site.widgets.CountdownWidgetDefinition" name="When click on \&quot;Get code\&quot; button\u200B\u200B\u200B\u200B\u200B\u200B\u200B\u200B\u200B\u200B\u200B" time="1.256"/>
  <testcase classname="bla.tm.definitions.site.widgets.CountdownWidgetDefinition" name="Then the pop-up Embedded Code is opened\u200B\u200B\u200B\u200B\u200B\u200B\u200B\u200B\u200B\u200B\u200B\u200B\u200B" time="2.523"/>
  <testcase classname="bla.tm.definitions.site.widgets.CountdownWidgetDefinition" name="And embedded html code contains stored layout resolution\u200B\u200B\u200B\u200B" time="0.199"/>
  <testcase classname="bla.tm.definitions.site.products_and_docs.PD_Widget_EventDiscoveryDefinition" name="Given open Event Discovery Widget page\u200B\u200B\u200B\u200B\u200B\u200B\u200B\u200B\u200B\u200B\u200B\u200B\u200B\u200B\u200B\u200B\u200B\u200B\u200B\u200B\u200B\u200B\u200B" time="2.112"/>
  <testcase classname="bla.tm.definitions.site.widgets.CountdownWidgetDefinition" name="And switch to VISUAL Tab\u200B\u200B\u200B\u200B\u200B\u200B\u200B\u200B" time="1.049"/>
  <testcase classname="bla.tm.definitions.site.widgets.CountdownWidgetDefinition" name="And set theme to poster\u200B\u200B\u200B\u200B\u200B\u200B\u200B" time="0.384"/>
  <testcase classname="bla.tm.definitions.site.widgets.CountdownWidgetDefinition" name="And set layout resolution to &lt;layoutResolution&gt;\u200B\u200B\u200B\u200B\u200B" time="0.723"/>
  <testcase classname="bla.tm.definitions.site.widgets.CountdownWidgetDefinition" name="When click on \&quot;Get code\&quot; button\u200B\u200B\u200B\u200B\u200B\u200B\u200B\u200B\u200B\u200B\u200B\u200B" time="0.939"/>
  <testcase classname="bla.tm.definitions.site.widgets.CountdownWidgetDefinition" name="Then the pop-up Embedded Code is opened\u200B\u200B\u200B\u200B\u200B\u200B\u200B\u200B\u200B\u200B\u200B\u200B\u200B\u200B" time="2.164"/>
  <testcase classname="bla.tm.definitions.site.widgets.CountdownWidgetDefinition" name="And embedded html code contains stored layout resolution\u200B\u200B\u200B\u200B\u200B" time="0.078"/>
  <testcase classname="Scenario: |\/products-and-docs\/widgets\/event-discovery\/| VISUAL TAB - Check Layout Resolutions" name="Scenario: |\/products-and-docs\/widgets\/event-discovery\/| VISUAL TAB - Check Layout Resolutions" time="0.078"/>
  <testcase classname="bla.tm.definitions.site.products_and_docs.PD_Widget_EventDiscoveryDefinition" name="Given open Event Discovery Widget page\u200B\u200B\u200B\u200B\u200B\u200B\u200B\u200B\u200B\u200B\u200B\u200B\u200B\u200B\u200B\u200B\u200B\u200B\u200B\u200B\u200B\u200B\u200B\u200B" time="1.671"/>
  <testcase classname="bla.tm.definitions.site.widgets.CountdownWidgetDefinition" name="And switch to VISUAL Tab\u200B\u200B\u200B\u200B\u200B\u200B\u200B\u200B\u200B" time="0.979"/>
  <testcase classname="bla.tm.definitions.site.widgets.CountdownWidgetDefinition" name="And set theme to poster\u200B\u200B\u200B\u200B\u200B\u200B\u200B\u200B" time="0.386"/>
  <testcase classname="bla.tm.definitions.site.widgets.CountdownWidgetDefinition" name="And set layout orientation to &lt;orientation&gt;\u200B\u200B" time="0.719"/>
  <testcase classname="bla.tm.definitions.site.widgets.CountdownWidgetDefinition" name="When click on \&quot;Get code\&quot; button\u200B\u200B\u200B\u200B\u200B\u200B\u200B\u200B\u200B\u200B\u200B\u200B\u200B" time="0.991"/>
  <testcase classname="bla.tm.definitions.site.widgets.CountdownWidgetDefinition" name="Then the pop-up Embedded Code is opened\u200B\u200B\u200B\u200B\u200B\u200B\u200B\u200B\u200B\u200B\u200B\u200B\u200B\u200B\u200B" time="2.299"/>
  <testcase classname="bla.tm.definitions.site.widgets.CountdownWidgetDefinition" name="And embedded html code contains stored layout orientation\u200B\u200B" time="0.136"/>
  <testcase classname="bla.tm.definitions.site.products_and_docs.PD_Widget_EventDiscoveryDefinition" name="Given open Event Discovery Widget page\u200B\u200B\u200B\u200B\u200B\u200B\u200B\u200B\u200B\u200B\u200B\u200B\u200B\u200B\u200B\u200B\u200B\u200B\u200B\u200B\u200B\u200B\u200B\u200B\u200B" time="1.953"/>
  <testcase classname="bla.tm.definitions.site.widgets.CountdownWidgetDefinition" name="And switch to VISUAL Tab\u200B\u200B\u200B\u200B\u200B\u200B\u200B\u200B\u200B\u200B" time="0.772"/>
  <testcase classname="bla.tm.definitions.site.widgets.CountdownWidgetDefinition" name="And set theme to poster\u200B\u200B\u200B\u200B\u200B\u200B\u200B\u200B\u200B" time="0.389"/>
  <testcase classname="bla.tm.definitions.site.widgets.CountdownWidgetDefinition" name="And set layout orientation to &lt;orientation&gt;\u200B\u200B\u200B" time="0.733"/>
  <testcase classname="bla.tm.definitions.site.widgets.CountdownWidgetDefinition" name="When click on \&quot;Get code\&quot; button\u200B\u200B\u200B\u200B\u200B\u200B\u200B\u200B\u200B\u200B\u200B\u200B\u200B\u200B" time="0.916"/>
  <testcase classname="bla.tm.definitions.site.widgets.CountdownWidgetDefinition" name="Then the pop-up Embedded Code is opened\u200B\u200B\u200B\u200B\u200B\u200B\u200B\u200B\u200B\u200B\u200B\u200B\u200B\u200B\u200B\u200B" time="2.264"/>
  <testcase classname="bla.tm.definitions.site.widgets.CountdownWidgetDefinition" name="And embedded html code contains stored layout orientation\u200B\u200B\u200B" time="0.106"/>
  <testcase classname="Scenario: |\/products-and-docs\/widgets\/event-discovery\/| VISUAL TAB - Check Layout Orientations" name="Scenario: |\/products-and-docs\/widgets\/event-discovery\/| VISUAL TAB - Check Layout Orientations" time="0.107"/>
  <testcase classname="bla.tm.definitions.site.products_and_docs.PD_Widget_EventDiscoveryDefinition" name="Given open Event Discovery Widget page\u200B\u200B\u200B\u200B\u200B\u200B\u200B\u200B\u200B\u200B\u200B\u200B\u200B\u200B\u200B\u200B\u200B\u200B\u200B\u200B\u200B\u200B\u200B\u200B\u200B\u200B" time="1.599"/>
  <testcase classname="bla.tm.definitions.site.widgets.EventDiscoveryWidgetDefinition" name="When search events by keyword ABRAKADABRA on Event Discovery Widget page" time="0.588"/>
  <testcase classname="bla.tm.definitions.site.widgets.CountdownWidgetDefinition" name="Then the event message is shown \&quot;Here other options for you.\&quot;" time="0.856"/>
  <testcase classname="Scenario: |\/products-and-docs\/widgets\/event-discovery\/| Event message - Check event message for invalid Keyword" name="Scenario: |\/products-and-docs\/widgets\/event-discovery\/| Event message - Check event message for invalid Keyword" time="0.896"/>
  <testcase classname="EventDiscoveryWidget.story" name="EventDiscoveryWidget.story" time="0.897">
    <failure message="story failed!" type="java.lang.AssertionError">java.lang.AssertionError: story failed!
	at de.codecentric.jbehave.junit.monitoring.JUnitScenarioReporter.afterStory(JUnitScenarioReporter.java:143)
	at org.jbehave.core.reporters.DelegatingStoryReporter.afterStory(DelegatingStoryReporter.java:49)
	at org.jbehave.core.reporters.ConcurrentStoryReporter.afterStory(ConcurrentStoryReporter.java:122)
	at org.jbehave.core.embedder.PerformableTree$PerformableStory.perform(PerformableTree.java:792)
	at org.jbehave.core.embedder.PerformableTree.performCancellable(PerformableTree.java:416)
	at org.jbehave.core.embedder.PerformableTree.perform(PerformableTree.java:387)
	at org.jbehave.core.embedder.StoryManager$EnqueuedStory.call(StoryManager.java:291)
	at org.jbehave.core.embedder.StoryManager$EnqueuedStory.call(StoryManager.java:265)
	at java.util.concurrent.FutureTask.run(FutureTask.java:266)
	at java.util.concurrent.ThreadPoolExecutor.runWorker(ThreadPoolExecutor.java:1142)
	at java.util.concurrent.ThreadPoolExecutor$Worker.run(ThreadPoolExecutor.java:617)
	at java.lang.Thread.run(Thread.java:745)
</failure>
    <system-err>[pool-1-thread-1] INFO net.serenitybdd.core.Serenity - 
        __    _____ _____ ____ _____   ____   _    ____  ____  _____ ____  
  _     \ \  |_   _| ____/ ___|_   _| |  _ \ / \  / ___|/ ___|| ____|  _ \ 
 (_)_____| |   | | |  _| \___ \ | |   | |_) / _ \ \___ \\___ \|  _| | | | |
  _|_____| |   | | | |___ ___) || |   |  __/ ___ \ ___) |___) | |___| |_| |
 (_)     | |   |_| |_____|____/ |_|   |_| /_/   \_\____/|____/|_____|____/ 
        /_/                                                                

TEST PASSED: (/products-and-docs/widgets/event-discovery/) Event message - Check event message for invalid Keyword
----------------------------------------------------------------------------
</system-err>
  </testcase>
  <testcase classname="bla.tm.definitions.site.HomePageDefinition" name="Given open Home page\u200B\u200B\u200B\u200B\u200B\u200B\u200B\u200B\u200B\u200B\u200B\u200B\u200B\u200B\u200B\u200B\u200B\u200B\u200B\u200B" time="2.287"/>
  <testcase classname="bla.tm.definitions.site.HomePageDefinition" name="When navigate to Pantheon LogIn page from Home page\u200B\u200B\u200B" time="1.009"/>
  <testcase classname="bla.tm.definitions.site.pantheon.UserLogInDefinition" name="When navigate to Pantheon Request New Password page from LogIn page" time="0.436"/>
  <testcase classname="bla.tm.definitions.site.pantheon.RequestNewPasswordDefinition" name="Then check general page elements for Pantheon Request New Password page" time="20.353"/>
  <testcase classname="Scenario: |developer-acct.ticketmaster.com\/user\/password| Verification for general page\&apos;s elements" name="Scenario: |developer-acct.ticketmaster.com\/user\/password| Verification for general page\&apos;s elements" time="20.378"/>
  <testcase classname="RequestNewPassword.story" name="RequestNewPassword.story" time="20.379"/>
  <testcase classname="bla.tm.definitions.site.HomePageDefinition" name="Given open Home page\u200B\u200B\u200B\u200B\u200B\u200B\u200B\u200B\u200B\u200B\u200B\u200B\u200B\u200B\u200B\u200B\u200B\u200B\u200B\u200B\u200B" time="2.285"/>
  <testcase classname="bla.tm.definitions.site.HomePageDefinition" name="When navigate to Pantheon LogIn page from Home page\u200B\u200B\u200B\u200B" time="1.042"/>
  <testcase classname="bla.tm.definitions.site.pantheon.UserLogInDefinition" name="When navigate to Pantheon User Account page from LogIn page\u200B" time="28.55"/>
  <testcase classname="bla.tm.definitions.site.pantheon.UserAccountDefinition" name="Then check general page elements for Pantheon User Account page" time="20.447"/>
  <testcase classname="Scenario: |developer-acct.ticketmaster.com\/user\/1554\/apps| Verification for general page\&apos;s elements [Login - Password field - enter valid password]" name="Scenario: |developer-acct.ticketmaster.com\/user\/1554\/apps| Verification for general page\&apos;s elements [Login - Password field - enter valid password]" time="20.473"/>
  <testcase classname="UserAccount.story" name="UserAccount.story" time="20.475"/>
  <testcase classname="bla.tm.definitions.site.products_and_docs.PD_DiscoveryAPIv2Definition" name="Given open Discovery API v2 page\u200B\u200B" time="5.569"/>
  <testcase classname="bla.tm.definitions.site.products_and_docs.PD_DiscoveryAPIv2Definition" name="Then check general page elements for Discovery API v2 Page\u002C where DISQUS = true and LeftMenu = true" time="1.284"/>
  <testcase classname="Scenario: |\/products-and-docs\/apis\/discovery\/v2\/| Verification for general page\&apos;s elements" name="Scenario: |\/products-and-docs\/apis\/discovery\/v2\/| Verification for general page\&apos;s elements" time="1.308"/>
  <testcase classname="PD_DiscoveryAPIV2.story" name="PD_DiscoveryAPIV2.story" time="1.309"/>
  <testcase classname="bla.tm.definitions.site.products_and_docs.PD_Definition" name="Given open Products and Docs page" time="3.927"/>
  <testcase classname="bla.tm.definitions.site.products_and_docs.PD_Definition" name="Then check general page elements for Products and Docs Page\u002C where DISQUS = false and LeftMenu = false" time="40.352"/>
  <testcase classname="Scenario: |\/support\/| Verification for general page\&apos;s elements\u200B" name="Scenario: |\/support\/| Verification for general page\&apos;s elements\u200B" time="40.379"/>
  <testcase classname="PD.story" name="PD.story" time="40.38"/>
  <testcase classname="bla.tm.definitions.site.products_and_docs.PD_InventoryStatusAPIDefinition" name="Given open Inventory Status API page\u200B" time="3.192"/>
  <testcase classname="bla.tm.definitions.site.products_and_docs.PD_InventoryStatusAPIDefinition" name="Then check general page elements for Inventory Status API Page\u002C where DISQUS = true and LeftMenu = true" time="0.301"/>
  <testcase classname="Scenario: |\/products-and-docs\/apis\/inventory-status\/| Verification for general page\&apos;s elements" name="Scenario: |\/products-and-docs\/apis\/inventory-status\/| Verification for general page\&apos;s elements" time="0.339"/>
  <testcase classname="PD_InventoryStatusAPI.story" name="PD_InventoryStatusAPI.story" time="0.341"/>
  <testcase classname="bla.tm.definitions.site.support.Support_BrandingGuideDefinition" name="Given open Branding Guide page" time="2.729"/>
  <testcase classname="bla.tm.definitions.site.support.Support_BrandingGuideDefinition" name="Then check general page elements for Branding Guide Page\u002C where DISQUS = true and LeftMenu = true" time="0.465"/>
  <testcase classname="Scenario: |\/support\/branding-guide\/| Verification for general page\&apos;s elements" name="Scenario: |\/support\/branding-guide\/| Verification for general page\&apos;s elements" time="0.493"/>
  <testcase classname="Support_BrandingGuide.story" name="Support_BrandingGuide.story" time="0.494"/>
  <testcase classname="java.lang.Object" name="AfterStories" time="0"/>
</testsuite>